============================================
Run 1 - Input Size: 150000 - Sequential
============================================
SeqTime: 28.758871
--------------------------------------------
Run 1 - Input Size: 150000 - MPI with 2 processes
--------------------------------------------
ParTime (NP=2): 20.684897
10.509482
10.165490
--------------------------------------------
Run 1 - Input Size: 150000 - MPI with 4 processes
--------------------------------------------
ParTime (NP=4): 21.787179
16.491126
5.282914
--------------------------------------------
Run 1 - Input Size: 150000 - MPI with 8 processes
--------------------------------------------
ParTime (NP=8): 24.112510
21.476063
2.607806
--------------------------------------------
Run 1 - Input Size: 150000 - MPI with 12 processes
--------------------------------------------
ParTime (NP=12): 25.843129
24.014567
1.779623
============================================
Run 2 - Input Size: 150000 - Sequential
============================================
SeqTime: 28.673559
--------------------------------------------
Run 2 - Input Size: 150000 - MPI with 2 processes
--------------------------------------------
ParTime (NP=2): 20.642785
10.466595
10.169472
--------------------------------------------
Run 2 - Input Size: 150000 - MPI with 4 processes
--------------------------------------------
ParTime (NP=4): 21.736410
16.465036
5.261930
--------------------------------------------
Run 2 - Input Size: 150000 - MPI with 8 processes
--------------------------------------------
ParTime (NP=8): 23.861821
21.223607
2.603022
--------------------------------------------
Run 2 - Input Size: 150000 - MPI with 12 processes
--------------------------------------------
ParTime (NP=12): 25.513050
23.680413
1.793514
============================================
Run 3 - Input Size: 150000 - Sequential
============================================
SeqTime: 28.653533
--------------------------------------------
Run 3 - Input Size: 150000 - MPI with 2 processes
--------------------------------------------
ParTime (NP=2): 20.679020
10.496620
10.175282
--------------------------------------------
Run 3 - Input Size: 150000 - MPI with 4 processes
--------------------------------------------
ParTime (NP=4): 21.786602
16.513076
5.265122
--------------------------------------------
Run 3 - Input Size: 150000 - MPI with 8 processes
--------------------------------------------
ParTime (NP=8): 23.553962
20.918829
2.601593
--------------------------------------------
Run 3 - Input Size: 150000 - MPI with 12 processes
--------------------------------------------
ParTime (NP=12): 24.995711
23.185496
1.774795
============================================
Run 4 - Input Size: 150000 - Sequential
============================================
SeqTime: 28.759873
--------------------------------------------
Run 4 - Input Size: 150000 - MPI with 2 processes
--------------------------------------------
ParTime (NP=2): 20.655357
10.478853
10.169744
--------------------------------------------
Run 4 - Input Size: 150000 - MPI with 4 processes
--------------------------------------------
ParTime (NP=4): 21.796766
16.496172
5.292967
--------------------------------------------
Run 4 - Input Size: 150000 - MPI with 8 processes
--------------------------------------------
ParTime (NP=8): 24.572311
21.951189
2.591208
--------------------------------------------
Run 4 - Input Size: 150000 - MPI with 12 processes
--------------------------------------------
ParTime (NP=12): 24.317887
22.498828
1.780753
============================================
Run 5 - Input Size: 150000 - Sequential
============================================
SeqTime: 28.646420
--------------------------------------------
Run 5 - Input Size: 150000 - MPI with 2 processes
--------------------------------------------
ParTime (NP=2): 20.673746
10.492217
10.174928
--------------------------------------------
Run 5 - Input Size: 150000 - MPI with 4 processes
--------------------------------------------
ParTime (NP=4): 21.826505
16.531280
5.288026
--------------------------------------------
Run 5 - Input Size: 150000 - MPI with 8 processes
--------------------------------------------
ParTime (NP=8): 24.102641
21.532370
2.541423
--------------------------------------------
Run 5 - Input Size: 150000 - MPI with 12 processes
--------------------------------------------
ParTime (NP=12): 25.147537
23.314656
1.793836
============================================
Run 6 - Input Size: 150000 - Sequential
============================================
SeqTime: 28.758574
--------------------------------------------
Run 6 - Input Size: 150000 - MPI with 2 processes
--------------------------------------------
ParTime (NP=2): 20.712864
10.532890
10.172948
--------------------------------------------
Run 6 - Input Size: 150000 - MPI with 4 processes
--------------------------------------------
ParTime (NP=4): 21.773902
16.466920
5.300148
--------------------------------------------
Run 6 - Input Size: 150000 - MPI with 8 processes
--------------------------------------------
ParTime (NP=8): 22.169166
19.543071
2.598585
--------------------------------------------
Run 6 - Input Size: 150000 - MPI with 12 processes
--------------------------------------------
ParTime (NP=12): 26.717008
24.897149
1.785865
============================================
Run 7 - Input Size: 150000 - Sequential
============================================
SeqTime: 28.675127
--------------------------------------------
Run 7 - Input Size: 150000 - MPI with 2 processes
--------------------------------------------
ParTime (NP=2): 20.672371
10.489099
10.176607
--------------------------------------------
Run 7 - Input Size: 150000 - MPI with 4 processes
--------------------------------------------
ParTime (NP=4): 21.784889
16.507985
5.269359
--------------------------------------------
Run 7 - Input Size: 150000 - MPI with 8 processes
--------------------------------------------
ParTime (NP=8): 24.947004
22.385884
2.536977
--------------------------------------------
Run 7 - Input Size: 150000 - MPI with 12 processes
--------------------------------------------
ParTime (NP=12): 24.264723
22.439189
1.784077
============================================
Run 8 - Input Size: 150000 - Sequential
============================================
SeqTime: 28.697008
--------------------------------------------
Run 8 - Input Size: 150000 - MPI with 2 processes
--------------------------------------------
ParTime (NP=2): 20.645059
10.463247
10.174942
--------------------------------------------
Run 8 - Input Size: 150000 - MPI with 4 processes
--------------------------------------------
ParTime (NP=4): 21.843305
16.544255
5.288982
--------------------------------------------
Run 8 - Input Size: 150000 - MPI with 8 processes
--------------------------------------------
ParTime (NP=8): 24.055122
21.420882
2.603931
--------------------------------------------
Run 8 - Input Size: 150000 - MPI with 12 processes
--------------------------------------------
ParTime (NP=12): 24.941184
23.110419
1.781280
============================================
Run 9 - Input Size: 150000 - Sequential
============================================
SeqTime: 28.724028
--------------------------------------------
Run 9 - Input Size: 150000 - MPI with 2 processes
--------------------------------------------
ParTime (NP=2): 20.607825
10.435459
10.165511
--------------------------------------------
Run 9 - Input Size: 150000 - MPI with 4 processes
--------------------------------------------
ParTime (NP=4): 21.640703
16.368005
5.264543
--------------------------------------------
Run 9 - Input Size: 150000 - MPI with 8 processes
--------------------------------------------
ParTime (NP=8): 24.635767
22.009817
2.599747
--------------------------------------------
Run 9 - Input Size: 150000 - MPI with 12 processes
--------------------------------------------
ParTime (NP=12): 24.519280
22.709903
1.776706
============================================
Run 10 - Input Size: 150000 - Sequential
============================================
SeqTime: 28.573750
--------------------------------------------
Run 10 - Input Size: 150000 - MPI with 2 processes
--------------------------------------------
ParTime (NP=2): 20.642470
10.464708
10.171215
--------------------------------------------
Run 10 - Input Size: 150000 - MPI with 4 processes
--------------------------------------------
ParTime (NP=4): 21.761267
16.473164
5.280102
--------------------------------------------
Run 10 - Input Size: 150000 - MPI with 8 processes
--------------------------------------------
ParTime (NP=8): 24.265038
21.632530
2.606938
--------------------------------------------
Run 10 - Input Size: 150000 - MPI with 12 processes
--------------------------------------------
ParTime (NP=12): 25.148065
23.330350
1.789549
============================================
Run 11 - Input Size: 150000 - Sequential
============================================
SeqTime: 28.734117
--------------------------------------------
Run 11 - Input Size: 150000 - MPI with 2 processes
--------------------------------------------
ParTime (NP=2): 20.708167
10.518461
10.182804
--------------------------------------------
Run 11 - Input Size: 150000 - MPI with 4 processes
--------------------------------------------
ParTime (NP=4): 21.806377
16.484068
5.315014
--------------------------------------------
Run 11 - Input Size: 150000 - MPI with 8 processes
--------------------------------------------
ParTime (NP=8): 23.810751
21.182342
2.602158
--------------------------------------------
Run 11 - Input Size: 150000 - MPI with 12 processes
--------------------------------------------
ParTime (NP=12): 26.629201
24.801589
1.790348
============================================
Run 12 - Input Size: 150000 - Sequential
============================================
SeqTime: 28.760825
--------------------------------------------
Run 12 - Input Size: 150000 - MPI with 2 processes
--------------------------------------------
ParTime (NP=2): 20.692689
10.501065
10.184793
--------------------------------------------
Run 12 - Input Size: 150000 - MPI with 4 processes
--------------------------------------------
ParTime (NP=4): 21.786216
16.471464
5.307973
--------------------------------------------
Run 12 - Input Size: 150000 - MPI with 8 processes
--------------------------------------------
ParTime (NP=8): 23.633288
21.005009
2.600336
--------------------------------------------
Run 12 - Input Size: 150000 - MPI with 12 processes
--------------------------------------------
ParTime (NP=12): 24.631406
22.813410
1.774751
============================================
Run 13 - Input Size: 150000 - Sequential
============================================
SeqTime: 28.772068
--------------------------------------------
Run 13 - Input Size: 150000 - MPI with 2 processes
--------------------------------------------
ParTime (NP=2): 20.695389
10.508511
10.180106
--------------------------------------------
Run 13 - Input Size: 150000 - MPI with 4 processes
--------------------------------------------
ParTime (NP=4): 21.690311
16.399764
5.283032
--------------------------------------------
Run 13 - Input Size: 150000 - MPI with 8 processes
--------------------------------------------
ParTime (NP=8): 24.252845
21.658791
2.567109
--------------------------------------------
Run 13 - Input Size: 150000 - MPI with 12 processes
--------------------------------------------
ParTime (NP=12): 25.470475
23.654347
1.780385
============================================
Run 14 - Input Size: 150000 - Sequential
============================================
SeqTime: 28.744101
--------------------------------------------
Run 14 - Input Size: 150000 - MPI with 2 processes
--------------------------------------------
ParTime (NP=2): 20.631284
10.447738
10.176617
--------------------------------------------
Run 14 - Input Size: 150000 - MPI with 4 processes
--------------------------------------------
ParTime (NP=4): 21.769095
16.453084
5.306970
--------------------------------------------
Run 14 - Input Size: 150000 - MPI with 8 processes
--------------------------------------------
ParTime (NP=8): 23.513244
20.876417
2.601352
--------------------------------------------
Run 14 - Input Size: 150000 - MPI with 12 processes
--------------------------------------------
ParTime (NP=12): 25.935844
24.115742
1.782385
============================================
Run 15 - Input Size: 150000 - Sequential
============================================
SeqTime: 28.730005
--------------------------------------------
Run 15 - Input Size: 150000 - MPI with 2 processes
--------------------------------------------
ParTime (NP=2): 20.705262
10.525794
10.172512
--------------------------------------------
Run 15 - Input Size: 150000 - MPI with 4 processes
--------------------------------------------
ParTime (NP=4): 21.748844
16.475821
5.265815
--------------------------------------------
Run 15 - Input Size: 150000 - MPI with 8 processes
--------------------------------------------
ParTime (NP=8): 24.737467
22.097839
2.603135
--------------------------------------------
Run 15 - Input Size: 150000 - MPI with 12 processes
--------------------------------------------
ParTime (NP=12): 25.195502
23.375201
1.784307
============================================
Run 16 - Input Size: 150000 - Sequential
============================================
SeqTime: 28.716430
--------------------------------------------
Run 16 - Input Size: 150000 - MPI with 2 processes
--------------------------------------------
ParTime (NP=2): 20.705497
10.539894
10.158292
--------------------------------------------
Run 16 - Input Size: 150000 - MPI with 4 processes
--------------------------------------------
ParTime (NP=4): 21.796083
16.538997
5.249650
--------------------------------------------
Run 16 - Input Size: 150000 - MPI with 8 processes
--------------------------------------------
ParTime (NP=8): 24.097959
21.467977
2.604718
--------------------------------------------
Run 16 - Input Size: 150000 - MPI with 12 processes
--------------------------------------------
ParTime (NP=12): 25.620321
23.802495
1.780579
============================================
Run 17 - Input Size: 150000 - Sequential
============================================
SeqTime: 28.765005
--------------------------------------------
Run 17 - Input Size: 150000 - MPI with 2 processes
--------------------------------------------
ParTime (NP=2): 20.723654
10.551240
10.165766
--------------------------------------------
Run 17 - Input Size: 150000 - MPI with 4 processes
--------------------------------------------
ParTime (NP=4): 21.807589
16.497302
5.301424
--------------------------------------------
Run 17 - Input Size: 150000 - MPI with 8 processes
--------------------------------------------
ParTime (NP=8): 23.514140
20.878652
2.605079
--------------------------------------------
Run 17 - Input Size: 150000 - MPI with 12 processes
--------------------------------------------
ParTime (NP=12): 24.820849
22.995127
1.787828
============================================
Run 18 - Input Size: 150000 - Sequential
============================================
SeqTime: 28.757242
--------------------------------------------
Run 18 - Input Size: 150000 - MPI with 2 processes
--------------------------------------------
ParTime (NP=2): 20.637570
10.469037
10.161544
--------------------------------------------
Run 18 - Input Size: 150000 - MPI with 4 processes
--------------------------------------------
ParTime (NP=4): 21.809079
16.493838
5.307976
--------------------------------------------
Run 18 - Input Size: 150000 - MPI with 8 processes
--------------------------------------------
ParTime (NP=8): 23.563293
21.010362
2.538833
--------------------------------------------
Run 18 - Input Size: 150000 - MPI with 12 processes
--------------------------------------------
ParTime (NP=12): 25.784393
23.955608
1.788088
============================================
Run 19 - Input Size: 150000 - Sequential
============================================
SeqTime: 28.657916
--------------------------------------------
Run 19 - Input Size: 150000 - MPI with 2 processes
--------------------------------------------
ParTime (NP=2): 20.697181
10.515473
10.174996
--------------------------------------------
Run 19 - Input Size: 150000 - MPI with 4 processes
--------------------------------------------
ParTime (NP=4): 21.742700
16.478786
5.256578
--------------------------------------------
Run 19 - Input Size: 150000 - MPI with 8 processes
--------------------------------------------
ParTime (NP=8): 23.136032
20.506312
2.602578
--------------------------------------------
Run 19 - Input Size: 150000 - MPI with 12 processes
--------------------------------------------
ParTime (NP=12): 26.520606
24.704647
1.782068
============================================
Run 20 - Input Size: 150000 - Sequential
============================================
SeqTime: 28.711270
--------------------------------------------
Run 20 - Input Size: 150000 - MPI with 2 processes
--------------------------------------------
ParTime (NP=2): 20.693553
10.527722
10.159211
--------------------------------------------
Run 20 - Input Size: 150000 - MPI with 4 processes
--------------------------------------------
ParTime (NP=4): 21.760886
16.483404
5.270699
--------------------------------------------
Run 20 - Input Size: 150000 - MPI with 8 processes
--------------------------------------------
ParTime (NP=8): 23.689884
21.046217
2.603815
--------------------------------------------
Run 20 - Input Size: 150000 - MPI with 12 processes
--------------------------------------------
ParTime (NP=12): 26.846370
25.020452
1.781101
Gerando resumo sequencial: summary_seq_150000.txt
Gerando resumo paralelo: summary_par_150000.txt
============================================
Run 1 - Input Size: 160000 - Sequential
============================================
SeqTime: 
--------------------------------------------
Run 1 - Input Size: 160000 - MPI with 2 processes
--------------------------------------------
ParTime (NP=2): 23.624581
12.021735
11.578167
--------------------------------------------
Run 1 - Input Size: 160000 - MPI with 4 processes
--------------------------------------------
ParTime (NP=4): 24.703689
18.702719
5.993605
--------------------------------------------
Run 1 - Input Size: 160000 - MPI with 8 processes
--------------------------------------------
ParTime (NP=8): 28.128174
25.123606
2.957815
--------------------------------------------
Run 1 - Input Size: 160000 - MPI with 12 processes
--------------------------------------------
ParTime (NP=12): 29.155521
27.093158
2.023536
============================================
Run 2 - Input Size: 160000 - Sequential
============================================
SeqTime: 
--------------------------------------------
Run 2 - Input Size: 160000 - MPI with 2 processes
--------------------------------------------
ParTime (NP=2): 23.584240
11.999803
11.569223
--------------------------------------------
Run 2 - Input Size: 160000 - MPI with 4 processes
--------------------------------------------
ParTime (NP=4): 24.734058
18.730492
5.995586
--------------------------------------------
Run 2 - Input Size: 160000 - MPI with 8 processes
--------------------------------------------
ParTime (NP=8): 28.370406
25.399459
2.933801
--------------------------------------------
Run 2 - Input Size: 160000 - MPI with 12 processes
--------------------------------------------
ParTime (NP=12): 28.574729
26.519948
2.021397
============================================
Run 3 - Input Size: 160000 - Sequential
============================================
SeqTime: 
--------------------------------------------
Run 3 - Input Size: 160000 - MPI with 2 processes
--------------------------------------------
ParTime (NP=2): 23.584060
11.990390
11.580485
--------------------------------------------
Run 3 - Input Size: 160000 - MPI with 4 processes
--------------------------------------------
ParTime (NP=4): 24.726822
18.712059
6.005396
--------------------------------------------
Run 3 - Input Size: 160000 - MPI with 8 processes
--------------------------------------------
ParTime (NP=8): 28.508708
25.519884
2.951565
--------------------------------------------
Run 3 - Input Size: 160000 - MPI with 12 processes
--------------------------------------------
ParTime (NP=12): 28.286077
26.203983
2.035728
============================================
Run 4 - Input Size: 160000 - Sequential
============================================
