[node4:394084] *** Process received signal ***
[node4:394084] Signal: Segmentation fault (11)
[node4:394084] Signal code: Address not mapped (1)
[node4:394084] Failing at address: (nil)
[node4:394084] [ 0] /lib/x86_64-linux-gnu/libc.so.6(+0x45330)[0x7d836aad8330]
[node4:394084] [ 1] /lib/x86_64-linux-gnu/libc.so.6(+0x1a446d)[0x7d836ac3746d]
[node4:394084] [ 2] /usr/lib/x86_64-linux-gnu/openmpi/lib/openmpi3/mca_btl_tcp.so(mca_btl_tcp_frag_recv+0x1a6)[0x7d8368a754a6]
[node4:394084] [ 3] /usr/lib/x86_64-linux-gnu/openmpi/lib/openmpi3/mca_btl_tcp.so(+0xaa9d)[0x7d8368a75a9d]
[node4:394084] [ 4] /lib/x86_64-linux-gnu/libevent_core-2.1.so.7(+0x1f38c)[0x7d836a78a38c]
[node4:394084] [ 5] /lib/x86_64-linux-gnu/libevent_core-2.1.so.7(event_base_loop+0x4af)[0x7d836a78bfaf]
[node4:394084] [ 6] /lib/x86_64-linux-gnu/libopen-pal.so.40(+0x7f46e)[0x7d836a99a46e]
[node4:394084] [ 7] /lib/x86_64-linux-gnu/libopen-pal.so.40(opal_progress+0x85)[0x7d836a945405]
[node4:394084] [ 8] /usr/lib/x86_64-linux-gnu/openmpi/lib/openmpi3/mca_pml_ob1.so(mca_pml_ob1_recv+0x315)[0x7d8368624245]
[node4:394084] [ 9] /usr/lib/x86_64-linux-gnu/openmpi/lib/openmpi3/mca_coll_basic.so(mca_coll_basic_gatherv_intra+0x178)[0x7d83685aa1e8]
[node4:394084] [10] /lib/x86_64-linux-gnu/libmpi.so.40(MPI_Gatherv+0xf9)[0x7d836ad22659]
[node4:394084] [11] ./par(+0x1c9d)[0x5a5b211f1c9d]
[node4:394084] [12] /lib/x86_64-linux-gnu/libc.so.6(+0x2a1ca)[0x7d836aabd1ca]
[node4:394084] [13] /lib/x86_64-linux-gnu/libc.so.6(__libc_start_main+0x8b)[0x7d836aabd28b]
[node4:394084] [14] ./par(+0x1ef5)[0x5a5b211f1ef5]
[node4:394084] *** End of error message ***
[node3][[27472,1],0][../../../../../../opal/mca/btl/tcp/btl_tcp_frag.c:135:mca_btl_tcp_frag_send] mca_btl_tcp_frag_send: writev failed: Connection reset by peer (104)
--------------------------------------------------------------------------
Primary job  terminated normally, but 1 process returned
a non-zero exit code. Per user-direction, the job has been aborted.
--------------------------------------------------------------------------
--------------------------------------------------------------------------
WARNING: Open MPI failed to TCP connect to a peer MPI process.  This
should not happen.

Your Open MPI job may now hang or fail.

  Local host: node3
  PID:        172324
  Message:    connect() to 10.0.1.105:1028 failed
  Error:      Operation now in progress (115)
--------------------------------------------------------------------------
--------------------------------------------------------------------------
mpirun noticed that process rank 11 with PID 394084 on node node4 exited on signal 11 (Segmentation fault).
--------------------------------------------------------------------------
