============================================
Run 1 - Input Size: 1000 - Sequential
============================================
SeqTime: 0.004296
--------------------------------------------
Run 1 - Input Size: 1000 - MPI with 2 processes
--------------------------------------------
ParTime (NP=2): 0.001846
0.000587
0.000545
--------------------------------------------
Run 1 - Input Size: 1000 - MPI with 4 processes
--------------------------------------------
ParTime (NP=4): 0.002439
0.001365
0.000762
--------------------------------------------
Run 1 - Input Size: 1000 - MPI with 6 processes
--------------------------------------------
ParTime (NP=6): 
--------------------------------------------
Run 1 - Input Size: 1000 - MPI with 8 processes
--------------------------------------------
ParTime (NP=8): 
--------------------------------------------
Run 1 - Input Size: 1000 - MPI with 12 processes
--------------------------------------------
ParTime (NP=12): 
============================================
Run 2 - Input Size: 1000 - Sequential
============================================
SeqTime: 0.003771
--------------------------------------------
Run 2 - Input Size: 1000 - MPI with 2 processes
--------------------------------------------
ParTime (NP=2): 0.001140
0.000556
0.000535
--------------------------------------------
Run 2 - Input Size: 1000 - MPI with 4 processes
--------------------------------------------
ParTime (NP=4): 0.001529
0.000921
0.000363
--------------------------------------------
Run 2 - Input Size: 1000 - MPI with 6 processes
--------------------------------------------
ParTime (NP=6): 
--------------------------------------------
Run 2 - Input Size: 1000 - MPI with 8 processes
--------------------------------------------
ParTime (NP=8): 
--------------------------------------------
Run 2 - Input Size: 1000 - MPI with 12 processes
--------------------------------------------
ParTime (NP=12): 
============================================
Run 3 - Input Size: 1000 - Sequential
============================================
SeqTime: 0.003993
--------------------------------------------
Run 3 - Input Size: 1000 - MPI with 2 processes
--------------------------------------------
ParTime (NP=2): 0.001281
0.000512
0.000485
--------------------------------------------
Run 3 - Input Size: 1000 - MPI with 4 processes
--------------------------------------------
ParTime (NP=4): 0.002230
0.001330
0.000752
--------------------------------------------
Run 3 - Input Size: 1000 - MPI with 6 processes
--------------------------------------------
ParTime (NP=6): 
--------------------------------------------
Run 3 - Input Size: 1000 - MPI with 8 processes
--------------------------------------------
ParTime (NP=8): 
--------------------------------------------
Run 3 - Input Size: 1000 - MPI with 12 processes
--------------------------------------------
ParTime (NP=12): 
============================================
Run 4 - Input Size: 1000 - Sequential
============================================
SeqTime: 0.002729
--------------------------------------------
Run 4 - Input Size: 1000 - MPI with 2 processes
--------------------------------------------
ParTime (NP=2): 0.008343
0.001537
0.001450
--------------------------------------------
Run 4 - Input Size: 1000 - MPI with 4 processes
--------------------------------------------
ParTime (NP=4): 0.003182
0.001364
0.000759
--------------------------------------------
Run 4 - Input Size: 1000 - MPI with 6 processes
--------------------------------------------
ParTime (NP=6): 
--------------------------------------------
Run 4 - Input Size: 1000 - MPI with 8 processes
--------------------------------------------
ParTime (NP=8): 
--------------------------------------------
Run 4 - Input Size: 1000 - MPI with 12 processes
--------------------------------------------
ParTime (NP=12): 
============================================
Run 5 - Input Size: 1000 - Sequential
============================================
SeqTime: 0.004083
--------------------------------------------
Run 5 - Input Size: 1000 - MPI with 2 processes
--------------------------------------------
ParTime (NP=2): 0.001320
0.000588
0.000493
--------------------------------------------
Run 5 - Input Size: 1000 - MPI with 4 processes
--------------------------------------------
ParTime (NP=4): 0.004503
0.000943
0.000266
--------------------------------------------
Run 5 - Input Size: 1000 - MPI with 6 processes
--------------------------------------------
ParTime (NP=6): 
--------------------------------------------
Run 5 - Input Size: 1000 - MPI with 8 processes
--------------------------------------------
ParTime (NP=8): 
--------------------------------------------
Run 5 - Input Size: 1000 - MPI with 12 processes
--------------------------------------------
ParTime (NP=12): 
============================================
Run 6 - Input Size: 1000 - Sequential
============================================
SeqTime: 0.004009
--------------------------------------------
Run 6 - Input Size: 1000 - MPI with 2 processes
--------------------------------------------
ParTime (NP=2): 0.001276
0.000561
0.000530
--------------------------------------------
Run 6 - Input Size: 1000 - MPI with 4 processes
--------------------------------------------
ParTime (NP=4): 0.010174
0.001401
0.000775
--------------------------------------------
Run 6 - Input Size: 1000 - MPI with 6 processes
--------------------------------------------
ParTime (NP=6): 
--------------------------------------------
Run 6 - Input Size: 1000 - MPI with 8 processes
--------------------------------------------
ParTime (NP=8): 
--------------------------------------------
Run 6 - Input Size: 1000 - MPI with 12 processes
--------------------------------------------
ParTime (NP=12): 
============================================
Run 7 - Input Size: 1000 - Sequential
============================================
SeqTime: 0.002443
--------------------------------------------
Run 7 - Input Size: 1000 - MPI with 2 processes
--------------------------------------------
ParTime (NP=2): 0.004532
0.000579
0.000559
--------------------------------------------
Run 7 - Input Size: 1000 - MPI with 4 processes
--------------------------------------------
ParTime (NP=4): 0.002330
0.001377
0.000792
--------------------------------------------
Run 7 - Input Size: 1000 - MPI with 6 processes
--------------------------------------------
ParTime (NP=6): 
--------------------------------------------
Run 7 - Input Size: 1000 - MPI with 8 processes
--------------------------------------------
ParTime (NP=8): 
--------------------------------------------
Run 7 - Input Size: 1000 - MPI with 12 processes
--------------------------------------------
ParTime (NP=12): 
============================================
Run 8 - Input Size: 1000 - Sequential
============================================
SeqTime: 0.002571
--------------------------------------------
Run 8 - Input Size: 1000 - MPI with 2 processes
--------------------------------------------
ParTime (NP=2): 0.008719
0.000528
0.000499
--------------------------------------------
Run 8 - Input Size: 1000 - MPI with 4 processes
--------------------------------------------
ParTime (NP=4): 0.002291
0.001369
0.000724
--------------------------------------------
Run 8 - Input Size: 1000 - MPI with 6 processes
--------------------------------------------
ParTime (NP=6): 
--------------------------------------------
Run 8 - Input Size: 1000 - MPI with 8 processes
--------------------------------------------
ParTime (NP=8): 
--------------------------------------------
Run 8 - Input Size: 1000 - MPI with 12 processes
--------------------------------------------
ParTime (NP=12): 
============================================
Run 9 - Input Size: 1000 - Sequential
============================================
SeqTime: 0.002822
--------------------------------------------
Run 9 - Input Size: 1000 - MPI with 2 processes
--------------------------------------------
ParTime (NP=2): 0.009409
0.000553
0.000551
--------------------------------------------
Run 9 - Input Size: 1000 - MPI with 4 processes
--------------------------------------------
ParTime (NP=4): 0.011206
0.002300
0.000772
--------------------------------------------
Run 9 - Input Size: 1000 - MPI with 6 processes
--------------------------------------------
ParTime (NP=6): 
--------------------------------------------
Run 9 - Input Size: 1000 - MPI with 8 processes
--------------------------------------------
ParTime (NP=8): 
--------------------------------------------
Run 9 - Input Size: 1000 - MPI with 12 processes
--------------------------------------------
ParTime (NP=12): 
============================================
Run 10 - Input Size: 1000 - Sequential
============================================
SeqTime: 0.002052
--------------------------------------------
Run 10 - Input Size: 1000 - MPI with 2 processes
--------------------------------------------
ParTime (NP=2): 0.001335
0.000553
0.000533
--------------------------------------------
Run 10 - Input Size: 1000 - MPI with 4 processes
--------------------------------------------
ParTime (NP=4): 0.009877
0.001566
0.000753
--------------------------------------------
Run 10 - Input Size: 1000 - MPI with 6 processes
--------------------------------------------
ParTime (NP=6): 
--------------------------------------------
Run 10 - Input Size: 1000 - MPI with 8 processes
--------------------------------------------
ParTime (NP=8): 
--------------------------------------------
Run 10 - Input Size: 1000 - MPI with 12 processes
--------------------------------------------
ParTime (NP=12): 
============================================
Run 11 - Input Size: 1000 - Sequential
============================================
SeqTime: 0.002712
--------------------------------------------
Run 11 - Input Size: 1000 - MPI with 2 processes
--------------------------------------------
ParTime (NP=2): 0.003592
0.001584
0.001496
--------------------------------------------
Run 11 - Input Size: 1000 - MPI with 4 processes
--------------------------------------------
ParTime (NP=4): 0.003714
0.001096
0.000429
--------------------------------------------
Run 11 - Input Size: 1000 - MPI with 6 processes
--------------------------------------------
ParTime (NP=6): 
--------------------------------------------
Run 11 - Input Size: 1000 - MPI with 8 processes
--------------------------------------------
ParTime (NP=8): 
--------------------------------------------
Run 11 - Input Size: 1000 - MPI with 12 processes
--------------------------------------------
ParTime (NP=12): 
============================================
Run 12 - Input Size: 1000 - Sequential
============================================
SeqTime: 0.003979
--------------------------------------------
Run 12 - Input Size: 1000 - MPI with 2 processes
--------------------------------------------
ParTime (NP=2): 0.003347
0.001543
0.001452
--------------------------------------------
Run 12 - Input Size: 1000 - MPI with 4 processes
--------------------------------------------
ParTime (NP=4): 0.011153
0.002278
0.000741
--------------------------------------------
Run 12 - Input Size: 1000 - MPI with 6 processes
--------------------------------------------
ParTime (NP=6): 
--------------------------------------------
Run 12 - Input Size: 1000 - MPI with 8 processes
--------------------------------------------
ParTime (NP=8): 
--------------------------------------------
Run 12 - Input Size: 1000 - MPI with 12 processes
--------------------------------------------
ParTime (NP=12): 
============================================
Run 13 - Input Size: 1000 - Sequential
============================================
SeqTime: 0.002813
--------------------------------------------
Run 13 - Input Size: 1000 - MPI with 2 processes
--------------------------------------------
ParTime (NP=2): 0.001280
0.000563
0.000516
--------------------------------------------
Run 13 - Input Size: 1000 - MPI with 4 processes
--------------------------------------------
ParTime (NP=4): 0.010621
0.001855
0.000761
--------------------------------------------
Run 13 - Input Size: 1000 - MPI with 6 processes
--------------------------------------------
ParTime (NP=6): 
--------------------------------------------
Run 13 - Input Size: 1000 - MPI with 8 processes
--------------------------------------------
ParTime (NP=8): 
--------------------------------------------
Run 13 - Input Size: 1000 - MPI with 12 processes
--------------------------------------------
ParTime (NP=12): 
============================================
Run 14 - Input Size: 1000 - Sequential
============================================
SeqTime: 0.002841
--------------------------------------------
Run 14 - Input Size: 1000 - MPI with 2 processes
--------------------------------------------
ParTime (NP=2): 0.011520
0.001544
0.001475
--------------------------------------------
Run 14 - Input Size: 1000 - MPI with 4 processes
--------------------------------------------
ParTime (NP=4): 0.002326
0.001353
0.000799
--------------------------------------------
Run 14 - Input Size: 1000 - MPI with 6 processes
--------------------------------------------
ParTime (NP=6): 
--------------------------------------------
Run 14 - Input Size: 1000 - MPI with 8 processes
--------------------------------------------
ParTime (NP=8): 
--------------------------------------------
Run 14 - Input Size: 1000 - MPI with 12 processes
--------------------------------------------
ParTime (NP=12): 
============================================
Run 15 - Input Size: 1000 - Sequential
============================================
SeqTime: 0.002739
--------------------------------------------
Run 15 - Input Size: 1000 - MPI with 2 processes
--------------------------------------------
ParTime (NP=2): 0.001424
0.000557
0.000593
--------------------------------------------
Run 15 - Input Size: 1000 - MPI with 4 processes
--------------------------------------------
ParTime (NP=4): 0.001858
0.001101
0.000559
--------------------------------------------
Run 15 - Input Size: 1000 - MPI with 6 processes
--------------------------------------------
ParTime (NP=6): 
--------------------------------------------
Run 15 - Input Size: 1000 - MPI with 8 processes
--------------------------------------------
ParTime (NP=8): 
--------------------------------------------
Run 15 - Input Size: 1000 - MPI with 12 processes
--------------------------------------------
ParTime (NP=12): 
============================================
Run 16 - Input Size: 1000 - Sequential
============================================
SeqTime: 0.004036
--------------------------------------------
Run 16 - Input Size: 1000 - MPI with 2 processes
--------------------------------------------
ParTime (NP=2): 0.001325
0.000631
0.000503
--------------------------------------------
Run 16 - Input Size: 1000 - MPI with 4 processes
--------------------------------------------
ParTime (NP=4): 0.001520
0.000851
0.000265
--------------------------------------------
Run 16 - Input Size: 1000 - MPI with 6 processes
--------------------------------------------
ParTime (NP=6): 
--------------------------------------------
Run 16 - Input Size: 1000 - MPI with 8 processes
--------------------------------------------
ParTime (NP=8): 
--------------------------------------------
Run 16 - Input Size: 1000 - MPI with 12 processes
--------------------------------------------
ParTime (NP=12): 
============================================
Run 17 - Input Size: 1000 - Sequential
============================================
SeqTime: 0.004277
--------------------------------------------
Run 17 - Input Size: 1000 - MPI with 2 processes
--------------------------------------------
ParTime (NP=2): 0.001260
0.000559
0.000521
--------------------------------------------
Run 17 - Input Size: 1000 - MPI with 4 processes
--------------------------------------------
ParTime (NP=4): 0.002002
0.001103
0.000545
--------------------------------------------
Run 17 - Input Size: 1000 - MPI with 6 processes
--------------------------------------------
ParTime (NP=6): 
--------------------------------------------
Run 17 - Input Size: 1000 - MPI with 8 processes
--------------------------------------------
ParTime (NP=8): 
--------------------------------------------
Run 17 - Input Size: 1000 - MPI with 12 processes
--------------------------------------------
ParTime (NP=12): 
============================================
Run 18 - Input Size: 1000 - Sequential
============================================
SeqTime: 0.003915
--------------------------------------------
Run 18 - Input Size: 1000 - MPI with 2 processes
--------------------------------------------
ParTime (NP=2): 0.001298
0.000610
0.000500
--------------------------------------------
Run 18 - Input Size: 1000 - MPI with 4 processes
--------------------------------------------
ParTime (NP=4): 0.001580
0.000933
0.000336
--------------------------------------------
Run 18 - Input Size: 1000 - MPI with 6 processes
--------------------------------------------
ParTime (NP=6): 
--------------------------------------------
Run 18 - Input Size: 1000 - MPI with 8 processes
--------------------------------------------
ParTime (NP=8): 
--------------------------------------------
Run 18 - Input Size: 1000 - MPI with 12 processes
--------------------------------------------
ParTime (NP=12): 
============================================
Run 19 - Input Size: 1000 - Sequential
============================================
SeqTime: 0.004258
--------------------------------------------
Run 19 - Input Size: 1000 - MPI with 2 processes
--------------------------------------------
ParTime (NP=2): 0.001322
0.000552
0.000532
--------------------------------------------
Run 19 - Input Size: 1000 - MPI with 4 processes
--------------------------------------------
ParTime (NP=4): 0.001687
0.000996
0.000433
--------------------------------------------
Run 19 - Input Size: 1000 - MPI with 6 processes
--------------------------------------------
ParTime (NP=6): 
--------------------------------------------
Run 19 - Input Size: 1000 - MPI with 8 processes
--------------------------------------------
ParTime (NP=8): 
--------------------------------------------
Run 19 - Input Size: 1000 - MPI with 12 processes
--------------------------------------------
ParTime (NP=12): 
============================================
Run 20 - Input Size: 1000 - Sequential
============================================
SeqTime: 0.004242
--------------------------------------------
Run 20 - Input Size: 1000 - MPI with 2 processes
--------------------------------------------
ParTime (NP=2): 0.001425
0.000553
0.000581
--------------------------------------------
Run 20 - Input Size: 1000 - MPI with 4 processes
--------------------------------------------
ParTime (NP=4): 0.002020
0.001090
0.000467
--------------------------------------------
Run 20 - Input Size: 1000 - MPI with 6 processes
--------------------------------------------
ParTime (NP=6): 
--------------------------------------------
Run 20 - Input Size: 1000 - MPI with 8 processes
--------------------------------------------
ParTime (NP=8): 
--------------------------------------------
Run 20 - Input Size: 1000 - MPI with 12 processes
--------------------------------------------
ParTime (NP=12): 
Gerando resumo sequencial: summary_seq_1000.txt
Gerando resumo paralelo: summary_par_1000.txt
============================================
Run 1 - Input Size: 2000 - Sequential
============================================
SeqTime: 0.008801
--------------------------------------------
Run 1 - Input Size: 2000 - MPI with 2 processes
--------------------------------------------
ParTime (NP=2): 0.004699
0.002050
0.001844
--------------------------------------------
Run 1 - Input Size: 2000 - MPI with 4 processes
--------------------------------------------
ParTime (NP=4): 0.004376
0.003104
0.000953
--------------------------------------------
Run 1 - Input Size: 2000 - MPI with 6 processes
--------------------------------------------
ParTime (NP=6): 
--------------------------------------------
Run 1 - Input Size: 2000 - MPI with 8 processes
--------------------------------------------
ParTime (NP=8): 
--------------------------------------------
Run 1 - Input Size: 2000 - MPI with 12 processes
--------------------------------------------
ParTime (NP=12): 
============================================
Run 2 - Input Size: 2000 - Sequential
============================================
SeqTime: 0.014322
--------------------------------------------
Run 2 - Input Size: 2000 - MPI with 2 processes
--------------------------------------------
ParTime (NP=2): 0.004239
0.001998
0.001935
--------------------------------------------
Run 2 - Input Size: 2000 - MPI with 4 processes
--------------------------------------------
ParTime (NP=4): 0.006280
0.004075
0.001951
--------------------------------------------
Run 2 - Input Size: 2000 - MPI with 6 processes
--------------------------------------------
ParTime (NP=6): 
--------------------------------------------
Run 2 - Input Size: 2000 - MPI with 8 processes
--------------------------------------------
ParTime (NP=8): 
--------------------------------------------
Run 2 - Input Size: 2000 - MPI with 12 processes
--------------------------------------------
ParTime (NP=12): 
============================================
Run 3 - Input Size: 2000 - Sequential
============================================
SeqTime: 0.014949
--------------------------------------------
Run 3 - Input Size: 2000 - MPI with 2 processes
--------------------------------------------
ParTime (NP=2): 0.004267
0.002096
0.001881
--------------------------------------------
Run 3 - Input Size: 2000 - MPI with 4 processes
--------------------------------------------
ParTime (NP=4): 0.007780
0.004900
0.002789
--------------------------------------------
Run 3 - Input Size: 2000 - MPI with 6 processes
--------------------------------------------
ParTime (NP=6): 
--------------------------------------------
Run 3 - Input Size: 2000 - MPI with 8 processes
--------------------------------------------
ParTime (NP=8): 
--------------------------------------------
Run 3 - Input Size: 2000 - MPI with 12 processes
--------------------------------------------
ParTime (NP=12): 
============================================
Run 4 - Input Size: 2000 - Sequential
============================================
SeqTime: 0.014790
--------------------------------------------
Run 4 - Input Size: 2000 - MPI with 2 processes
--------------------------------------------
ParTime (NP=2): 0.004240
0.002050
0.001900
--------------------------------------------
Run 4 - Input Size: 2000 - MPI with 4 processes
--------------------------------------------
ParTime (NP=4): 0.008051
0.004934
0.002758
--------------------------------------------
Run 4 - Input Size: 2000 - MPI with 6 processes
--------------------------------------------
ParTime (NP=6): 
--------------------------------------------
Run 4 - Input Size: 2000 - MPI with 8 processes
--------------------------------------------
ParTime (NP=8): 
--------------------------------------------
Run 4 - Input Size: 2000 - MPI with 12 processes
--------------------------------------------
ParTime (NP=12): 
============================================
Run 5 - Input Size: 2000 - Sequential
============================================
SeqTime: 0.014509
--------------------------------------------
Run 5 - Input Size: 2000 - MPI with 2 processes
--------------------------------------------
ParTime (NP=2): 0.004308
0.002081
0.001900
--------------------------------------------
Run 5 - Input Size: 2000 - MPI with 4 processes
--------------------------------------------
ParTime (NP=4): 0.006106
0.003988
0.001872
--------------------------------------------
Run 5 - Input Size: 2000 - MPI with 6 processes
--------------------------------------------
ParTime (NP=6): 
--------------------------------------------
Run 5 - Input Size: 2000 - MPI with 8 processes
--------------------------------------------
ParTime (NP=8): 
--------------------------------------------
Run 5 - Input Size: 2000 - MPI with 12 processes
--------------------------------------------
ParTime (NP=12): 
============================================
Run 6 - Input Size: 2000 - Sequential
============================================
SeqTime: 0.014406
--------------------------------------------
Run 6 - Input Size: 2000 - MPI with 2 processes
--------------------------------------------
ParTime (NP=2): 0.004356
0.002100
0.001860
--------------------------------------------
Run 6 - Input Size: 2000 - MPI with 4 processes
--------------------------------------------
ParTime (NP=4): 0.006176
0.004030
0.001909
--------------------------------------------
Run 6 - Input Size: 2000 - MPI with 6 processes
--------------------------------------------
ParTime (NP=6): 
--------------------------------------------
Run 6 - Input Size: 2000 - MPI with 8 processes
--------------------------------------------
ParTime (NP=8): 
--------------------------------------------
Run 6 - Input Size: 2000 - MPI with 12 processes
--------------------------------------------
ParTime (NP=12): 
============================================
Run 7 - Input Size: 2000 - Sequential
============================================
SeqTime: 0.014515
--------------------------------------------
Run 7 - Input Size: 2000 - MPI with 2 processes
--------------------------------------------
ParTime (NP=2): 0.004117
0.002034
0.001859
--------------------------------------------
Run 7 - Input Size: 2000 - MPI with 4 processes
--------------------------------------------
ParTime (NP=4): 0.006223
0.004044
0.001918
--------------------------------------------
Run 7 - Input Size: 2000 - MPI with 6 processes
--------------------------------------------
ParTime (NP=6): 
--------------------------------------------
Run 7 - Input Size: 2000 - MPI with 8 processes
--------------------------------------------
ParTime (NP=8): 
--------------------------------------------
Run 7 - Input Size: 2000 - MPI with 12 processes
--------------------------------------------
ParTime (NP=12): 
============================================
Run 8 - Input Size: 2000 - Sequential
============================================
SeqTime: 0.014748
--------------------------------------------
Run 8 - Input Size: 2000 - MPI with 2 processes
--------------------------------------------
ParTime (NP=2): 0.004130
0.001985
0.001849
--------------------------------------------
Run 8 - Input Size: 2000 - MPI with 4 processes
--------------------------------------------
ParTime (NP=4): 0.004562
0.003128
0.000985
--------------------------------------------
Run 8 - Input Size: 2000 - MPI with 6 processes
--------------------------------------------
ParTime (NP=6): 
--------------------------------------------
Run 8 - Input Size: 2000 - MPI with 8 processes
--------------------------------------------
ParTime (NP=8): 
--------------------------------------------
Run 8 - Input Size: 2000 - MPI with 12 processes
--------------------------------------------
ParTime (NP=12): 
============================================
Run 9 - Input Size: 2000 - Sequential
============================================
SeqTime: 0.014333
--------------------------------------------
Run 9 - Input Size: 2000 - MPI with 2 processes
--------------------------------------------
ParTime (NP=2): 0.004314
0.002076
0.001852
--------------------------------------------
Run 9 - Input Size: 2000 - MPI with 4 processes
--------------------------------------------
ParTime (NP=4): 0.004165
0.003053
0.000967
--------------------------------------------
Run 9 - Input Size: 2000 - MPI with 6 processes
--------------------------------------------
ParTime (NP=6): 
--------------------------------------------
Run 9 - Input Size: 2000 - MPI with 8 processes
--------------------------------------------
ParTime (NP=8): 
--------------------------------------------
Run 9 - Input Size: 2000 - MPI with 12 processes
--------------------------------------------
ParTime (NP=12): 
============================================
Run 10 - Input Size: 2000 - Sequential
============================================
SeqTime: 0.014419
--------------------------------------------
Run 10 - Input Size: 2000 - MPI with 2 processes
--------------------------------------------
ParTime (NP=2): 0.004293
0.002156
0.001864
--------------------------------------------
Run 10 - Input Size: 2000 - MPI with 4 processes
--------------------------------------------
ParTime (NP=4): 0.007869
0.004857
0.002754
--------------------------------------------
Run 10 - Input Size: 2000 - MPI with 6 processes
--------------------------------------------
ParTime (NP=6): 
--------------------------------------------
Run 10 - Input Size: 2000 - MPI with 8 processes
--------------------------------------------
ParTime (NP=8): 
--------------------------------------------
Run 10 - Input Size: 2000 - MPI with 12 processes
--------------------------------------------
ParTime (NP=12): 
============================================
Run 11 - Input Size: 2000 - Sequential
============================================
SeqTime: 0.014299
--------------------------------------------
Run 11 - Input Size: 2000 - MPI with 2 processes
--------------------------------------------
ParTime (NP=2): 0.004192
0.002036
0.001859
--------------------------------------------
Run 11 - Input Size: 2000 - MPI with 4 processes
--------------------------------------------
ParTime (NP=4): 0.007711
0.004855
0.002785
--------------------------------------------
Run 11 - Input Size: 2000 - MPI with 6 processes
--------------------------------------------
ParTime (NP=6): 
--------------------------------------------
Run 11 - Input Size: 2000 - MPI with 8 processes
--------------------------------------------
ParTime (NP=8): 
--------------------------------------------
Run 11 - Input Size: 2000 - MPI with 12 processes
--------------------------------------------
ParTime (NP=12): 
============================================
Run 12 - Input Size: 2000 - Sequential
============================================
SeqTime: 0.014515
--------------------------------------------
Run 12 - Input Size: 2000 - MPI with 2 processes
--------------------------------------------
ParTime (NP=2): 0.012062
0.005816
0.005620
--------------------------------------------
Run 12 - Input Size: 2000 - MPI with 4 processes
--------------------------------------------
ParTime (NP=4): 0.006526
0.004094
0.001936
--------------------------------------------
Run 12 - Input Size: 2000 - MPI with 6 processes
--------------------------------------------
ParTime (NP=6): 
--------------------------------------------
Run 12 - Input Size: 2000 - MPI with 8 processes
--------------------------------------------
ParTime (NP=8): 
--------------------------------------------
Run 12 - Input Size: 2000 - MPI with 12 processes
--------------------------------------------
ParTime (NP=12): 
============================================
Run 13 - Input Size: 2000 - Sequential
============================================
SeqTime: 0.014701
--------------------------------------------
Run 13 - Input Size: 2000 - MPI with 2 processes
--------------------------------------------
ParTime (NP=2): 0.004254
0.002072
0.001852
--------------------------------------------
Run 13 - Input Size: 2000 - MPI with 4 processes
--------------------------------------------
ParTime (NP=4): 0.005188
0.003595
0.001276
--------------------------------------------
Run 13 - Input Size: 2000 - MPI with 6 processes
--------------------------------------------
ParTime (NP=6): 
--------------------------------------------
Run 13 - Input Size: 2000 - MPI with 8 processes
--------------------------------------------
ParTime (NP=8): 
--------------------------------------------
Run 13 - Input Size: 2000 - MPI with 12 processes
--------------------------------------------
ParTime (NP=12): 
============================================
Run 14 - Input Size: 2000 - Sequential
============================================
SeqTime: 0.014652
--------------------------------------------
Run 14 - Input Size: 2000 - MPI with 2 processes
--------------------------------------------
ParTime (NP=2): 0.004371
0.002120
0.001887
--------------------------------------------
Run 14 - Input Size: 2000 - MPI with 4 processes
--------------------------------------------
ParTime (NP=4): 0.007767
0.004808
0.002765
--------------------------------------------
Run 14 - Input Size: 2000 - MPI with 6 processes
--------------------------------------------
ParTime (NP=6): 
--------------------------------------------
Run 14 - Input Size: 2000 - MPI with 8 processes
--------------------------------------------
ParTime (NP=8): 
--------------------------------------------
Run 14 - Input Size: 2000 - MPI with 12 processes
--------------------------------------------
ParTime (NP=12): 
============================================
Run 15 - Input Size: 2000 - Sequential
============================================
SeqTime: 0.014260
--------------------------------------------
Run 15 - Input Size: 2000 - MPI with 2 processes
--------------------------------------------
ParTime (NP=2): 0.004435
0.002111
0.001979
--------------------------------------------
Run 15 - Input Size: 2000 - MPI with 4 processes
--------------------------------------------
ParTime (NP=4): 0.007975
0.004958
0.002785
--------------------------------------------
Run 15 - Input Size: 2000 - MPI with 6 processes
--------------------------------------------
ParTime (NP=6): 
--------------------------------------------
Run 15 - Input Size: 2000 - MPI with 8 processes
--------------------------------------------
ParTime (NP=8): 
--------------------------------------------
Run 15 - Input Size: 2000 - MPI with 12 processes
--------------------------------------------
ParTime (NP=12): 
============================================
Run 16 - Input Size: 2000 - Sequential
============================================
SeqTime: 0.006897
--------------------------------------------
Run 16 - Input Size: 2000 - MPI with 2 processes
--------------------------------------------
ParTime (NP=2): 0.004211
0.002082
0.001842
--------------------------------------------
Run 16 - Input Size: 2000 - MPI with 4 processes
--------------------------------------------
ParTime (NP=4): 0.009797
0.004938
0.002780
--------------------------------------------
Run 16 - Input Size: 2000 - MPI with 6 processes
--------------------------------------------
ParTime (NP=6): 
--------------------------------------------
Run 16 - Input Size: 2000 - MPI with 8 processes
--------------------------------------------
ParTime (NP=8): 
--------------------------------------------
Run 16 - Input Size: 2000 - MPI with 12 processes
--------------------------------------------
ParTime (NP=12): 
============================================
Run 17 - Input Size: 2000 - Sequential
============================================
SeqTime: 0.007389
--------------------------------------------
Run 17 - Input Size: 2000 - MPI with 2 processes
--------------------------------------------
ParTime (NP=2): 0.006210
0.002134
0.001996
--------------------------------------------
Run 17 - Input Size: 2000 - MPI with 4 processes
--------------------------------------------
ParTime (NP=4): 0.019800
0.008527
0.002779
--------------------------------------------
Run 17 - Input Size: 2000 - MPI with 6 processes
--------------------------------------------
ParTime (NP=6): 
--------------------------------------------
Run 17 - Input Size: 2000 - MPI with 8 processes
--------------------------------------------
ParTime (NP=8): 
--------------------------------------------
Run 17 - Input Size: 2000 - MPI with 12 processes
--------------------------------------------
ParTime (NP=12): 
============================================
Run 18 - Input Size: 2000 - Sequential
============================================
SeqTime: 0.010190
--------------------------------------------
Run 18 - Input Size: 2000 - MPI with 2 processes
--------------------------------------------
ParTime (NP=2): 0.019881
0.005846
0.005489
--------------------------------------------
Run 18 - Input Size: 2000 - MPI with 4 processes
--------------------------------------------
ParTime (NP=4): 0.005237
0.003592
0.001540
--------------------------------------------
Run 18 - Input Size: 2000 - MPI with 6 processes
--------------------------------------------
ParTime (NP=6): 
--------------------------------------------
Run 18 - Input Size: 2000 - MPI with 8 processes
--------------------------------------------
ParTime (NP=8): 
--------------------------------------------
Run 18 - Input Size: 2000 - MPI with 12 processes
--------------------------------------------
ParTime (NP=12): 
============================================
Run 19 - Input Size: 2000 - Sequential
============================================
SeqTime: 0.007080
--------------------------------------------
Run 19 - Input Size: 2000 - MPI with 2 processes
--------------------------------------------
ParTime (NP=2): 0.004167
0.001994
0.001876
--------------------------------------------
Run 19 - Input Size: 2000 - MPI with 4 processes
--------------------------------------------
ParTime (NP=4): 0.009577
0.005011
0.002774
--------------------------------------------
Run 19 - Input Size: 2000 - MPI with 6 processes
--------------------------------------------
ParTime (NP=6): 
--------------------------------------------
Run 19 - Input Size: 2000 - MPI with 8 processes
--------------------------------------------
ParTime (NP=8): 
--------------------------------------------
Run 19 - Input Size: 2000 - MPI with 12 processes
--------------------------------------------
ParTime (NP=12): 
============================================
Run 20 - Input Size: 2000 - Sequential
============================================
SeqTime: 0.014143
--------------------------------------------
Run 20 - Input Size: 2000 - MPI with 2 processes
--------------------------------------------
ParTime (NP=2): 0.004193
0.002042
0.001862
--------------------------------------------
Run 20 - Input Size: 2000 - MPI with 4 processes
--------------------------------------------
ParTime (NP=4): 0.006228
0.004051
0.001888
--------------------------------------------
Run 20 - Input Size: 2000 - MPI with 6 processes
--------------------------------------------
ParTime (NP=6): 
--------------------------------------------
Run 20 - Input Size: 2000 - MPI with 8 processes
--------------------------------------------
ParTime (NP=8): 
--------------------------------------------
Run 20 - Input Size: 2000 - MPI with 12 processes
--------------------------------------------
ParTime (NP=12): 
Gerando resumo sequencial: summary_seq_2000.txt
Gerando resumo paralelo: summary_par_2000.txt
============================================
Run 1 - Input Size: 3000 - Sequential
============================================
SeqTime: 0.015280
--------------------------------------------
Run 1 - Input Size: 3000 - MPI with 2 processes
--------------------------------------------
ParTime (NP=2): 0.017477
0.004661
0.004400
--------------------------------------------
Run 1 - Input Size: 3000 - MPI with 4 processes
--------------------------------------------
ParTime (NP=4): 0.033532
0.018920
0.006211
--------------------------------------------
Run 1 - Input Size: 3000 - MPI with 6 processes
--------------------------------------------
ParTime (NP=6): 
--------------------------------------------
Run 1 - Input Size: 3000 - MPI with 8 processes
--------------------------------------------
ParTime (NP=8): 
--------------------------------------------
Run 1 - Input Size: 3000 - MPI with 12 processes
--------------------------------------------
ParTime (NP=12): 
============================================
Run 2 - Input Size: 3000 - Sequential
============================================
SeqTime: 0.022067
--------------------------------------------
Run 2 - Input Size: 3000 - MPI with 2 processes
--------------------------------------------
ParTime (NP=2): 0.035159
0.012740
0.012110
--------------------------------------------
Run 2 - Input Size: 3000 - MPI with 4 processes
--------------------------------------------
ParTime (NP=4): 0.017426
0.010817
0.006136
--------------------------------------------
Run 2 - Input Size: 3000 - MPI with 6 processes
--------------------------------------------
ParTime (NP=6): 
--------------------------------------------
Run 2 - Input Size: 3000 - MPI with 8 processes
--------------------------------------------
ParTime (NP=8): 
--------------------------------------------
Run 2 - Input Size: 3000 - MPI with 12 processes
--------------------------------------------
ParTime (NP=12): 
============================================
Run 3 - Input Size: 3000 - Sequential
============================================
SeqTime: 0.017929
--------------------------------------------
Run 3 - Input Size: 3000 - MPI with 2 processes
--------------------------------------------
ParTime (NP=2): 0.025605
0.012714
0.012153
--------------------------------------------
Run 3 - Input Size: 3000 - MPI with 4 processes
--------------------------------------------
ParTime (NP=4): 0.025649
0.010944
0.006128
--------------------------------------------
Run 3 - Input Size: 3000 - MPI with 6 processes
--------------------------------------------
ParTime (NP=6): 
--------------------------------------------
Run 3 - Input Size: 3000 - MPI with 8 processes
--------------------------------------------
ParTime (NP=8): 
--------------------------------------------
Run 3 - Input Size: 3000 - MPI with 12 processes
--------------------------------------------
ParTime (NP=12): 
============================================
Run 4 - Input Size: 3000 - Sequential
============================================
SeqTime: 0.016711
--------------------------------------------
Run 4 - Input Size: 3000 - MPI with 2 processes
--------------------------------------------
ParTime (NP=2): 0.008958
0.004439
0.004228
--------------------------------------------
Run 4 - Input Size: 3000 - MPI with 4 processes
--------------------------------------------
ParTime (NP=4): 0.017307
0.010817
0.006148
--------------------------------------------
Run 4 - Input Size: 3000 - MPI with 6 processes
--------------------------------------------
ParTime (NP=6): 
--------------------------------------------
Run 4 - Input Size: 3000 - MPI with 8 processes
--------------------------------------------
ParTime (NP=8): 
--------------------------------------------
Run 4 - Input Size: 3000 - MPI with 12 processes
--------------------------------------------
ParTime (NP=12): 
============================================
Run 5 - Input Size: 3000 - Sequential
============================================
SeqTime: 0.030103
--------------------------------------------
Run 5 - Input Size: 3000 - MPI with 2 processes
--------------------------------------------
ParTime (NP=2): 0.008911
0.004432
0.004189
--------------------------------------------
Run 5 - Input Size: 3000 - MPI with 4 processes
--------------------------------------------
ParTime (NP=4): 0.025605
0.010982
0.006124
--------------------------------------------
Run 5 - Input Size: 3000 - MPI with 6 processes
--------------------------------------------
ParTime (NP=6): 
--------------------------------------------
Run 5 - Input Size: 3000 - MPI with 8 processes
--------------------------------------------
ParTime (NP=8): 
--------------------------------------------
Run 5 - Input Size: 3000 - MPI with 12 processes
--------------------------------------------
ParTime (NP=12): 
============================================
Run 6 - Input Size: 3000 - Sequential
============================================
SeqTime: 0.023906
--------------------------------------------
Run 6 - Input Size: 3000 - MPI with 2 processes
--------------------------------------------
ParTime (NP=2): 0.008921
0.004466
0.004185
--------------------------------------------
Run 6 - Input Size: 3000 - MPI with 4 processes
--------------------------------------------
ParTime (NP=4): 0.009691
0.006934
0.002181
--------------------------------------------
Run 6 - Input Size: 3000 - MPI with 6 processes
--------------------------------------------
ParTime (NP=6): 
--------------------------------------------
Run 6 - Input Size: 3000 - MPI with 8 processes
--------------------------------------------
ParTime (NP=8): 
--------------------------------------------
Run 6 - Input Size: 3000 - MPI with 12 processes
--------------------------------------------
ParTime (NP=12): 
============================================
Run 7 - Input Size: 3000 - Sequential
============================================
SeqTime: 0.025197
--------------------------------------------
Run 7 - Input Size: 3000 - MPI with 2 processes
--------------------------------------------
ParTime (NP=2): 0.009020
0.004439
0.004242
--------------------------------------------
Run 7 - Input Size: 3000 - MPI with 4 processes
--------------------------------------------
ParTime (NP=4): 0.009430
0.006873
0.002198
--------------------------------------------
Run 7 - Input Size: 3000 - MPI with 6 processes
--------------------------------------------
ParTime (NP=6): 
--------------------------------------------
Run 7 - Input Size: 3000 - MPI with 8 processes
--------------------------------------------
ParTime (NP=8): 
--------------------------------------------
Run 7 - Input Size: 3000 - MPI with 12 processes
--------------------------------------------
ParTime (NP=12): 
============================================
Run 8 - Input Size: 3000 - Sequential
============================================
SeqTime: 0.025498
--------------------------------------------
Run 8 - Input Size: 3000 - MPI with 2 processes
--------------------------------------------
ParTime (NP=2): 0.009117
0.004490
0.004223
--------------------------------------------
Run 8 - Input Size: 3000 - MPI with 4 processes
--------------------------------------------
ParTime (NP=4): 0.009478
0.006897
0.002192
--------------------------------------------
Run 8 - Input Size: 3000 - MPI with 6 processes
--------------------------------------------
ParTime (NP=6): 
--------------------------------------------
Run 8 - Input Size: 3000 - MPI with 8 processes
--------------------------------------------
ParTime (NP=8): 
--------------------------------------------
Run 8 - Input Size: 3000 - MPI with 12 processes
--------------------------------------------
ParTime (NP=12): 
============================================
Run 9 - Input Size: 3000 - Sequential
============================================
SeqTime: 0.024956
--------------------------------------------
Run 9 - Input Size: 3000 - MPI with 2 processes
--------------------------------------------
ParTime (NP=2): 0.008998
0.004421
0.004137
--------------------------------------------
Run 9 - Input Size: 3000 - MPI with 4 processes
--------------------------------------------
ParTime (NP=4): 0.013757
0.008948
0.004252
--------------------------------------------
Run 9 - Input Size: 3000 - MPI with 6 processes
--------------------------------------------
ParTime (NP=6): 
--------------------------------------------
Run 9 - Input Size: 3000 - MPI with 8 processes
--------------------------------------------
ParTime (NP=8): 
--------------------------------------------
Run 9 - Input Size: 3000 - MPI with 12 processes
--------------------------------------------
ParTime (NP=12): 
============================================
Run 10 - Input Size: 3000 - Sequential
============================================
SeqTime: 0.024101
--------------------------------------------
Run 10 - Input Size: 3000 - MPI with 2 processes
--------------------------------------------
ParTime (NP=2): 0.009085
0.004412
0.004223
--------------------------------------------
Run 10 - Input Size: 3000 - MPI with 4 processes
--------------------------------------------
ParTime (NP=4): 0.009609
0.007056
0.002086
--------------------------------------------
Run 10 - Input Size: 3000 - MPI with 6 processes
--------------------------------------------
ParTime (NP=6): 
--------------------------------------------
Run 10 - Input Size: 3000 - MPI with 8 processes
--------------------------------------------
ParTime (NP=8): 
--------------------------------------------
Run 10 - Input Size: 3000 - MPI with 12 processes
--------------------------------------------
ParTime (NP=12): 
============================================
Run 11 - Input Size: 3000 - Sequential
============================================
SeqTime: 0.024642
--------------------------------------------
Run 11 - Input Size: 3000 - MPI with 2 processes
--------------------------------------------
ParTime (NP=2): 0.009144
0.004515
0.004297
--------------------------------------------
Run 11 - Input Size: 3000 - MPI with 4 processes
--------------------------------------------
ParTime (NP=4): 0.013257
0.008879
0.004264
--------------------------------------------
Run 11 - Input Size: 3000 - MPI with 6 processes
--------------------------------------------
ParTime (NP=6): 
--------------------------------------------
Run 11 - Input Size: 3000 - MPI with 8 processes
--------------------------------------------
ParTime (NP=8): 
--------------------------------------------
Run 11 - Input Size: 3000 - MPI with 12 processes
--------------------------------------------
ParTime (NP=12): 
============================================
Run 12 - Input Size: 3000 - Sequential
============================================
SeqTime: 0.030501
--------------------------------------------
Run 12 - Input Size: 3000 - MPI with 2 processes
--------------------------------------------
ParTime (NP=2): 0.009076
0.004552
0.004226
--------------------------------------------
Run 12 - Input Size: 3000 - MPI with 4 processes
--------------------------------------------
ParTime (NP=4): 0.011757
0.008038
0.003420
--------------------------------------------
Run 12 - Input Size: 3000 - MPI with 6 processes
--------------------------------------------
ParTime (NP=6): 
--------------------------------------------
Run 12 - Input Size: 3000 - MPI with 8 processes
--------------------------------------------
ParTime (NP=8): 
--------------------------------------------
Run 12 - Input Size: 3000 - MPI with 12 processes
--------------------------------------------
ParTime (NP=12): 
============================================
Run 13 - Input Size: 3000 - Sequential
============================================
SeqTime: 0.024611
--------------------------------------------
Run 13 - Input Size: 3000 - MPI with 2 processes
--------------------------------------------
ParTime (NP=2): 0.009068
0.004451
0.004307
--------------------------------------------
Run 13 - Input Size: 3000 - MPI with 4 processes
--------------------------------------------
ParTime (NP=4): 0.012755
0.008987
0.003400
--------------------------------------------
Run 13 - Input Size: 3000 - MPI with 6 processes
--------------------------------------------
ParTime (NP=6): 
--------------------------------------------
Run 13 - Input Size: 3000 - MPI with 8 processes
--------------------------------------------
ParTime (NP=8): 
--------------------------------------------
Run 13 - Input Size: 3000 - MPI with 12 processes
--------------------------------------------
ParTime (NP=12): 
============================================
Run 14 - Input Size: 3000 - Sequential
============================================
SeqTime: 0.024858
--------------------------------------------
Run 14 - Input Size: 3000 - MPI with 2 processes
--------------------------------------------
ParTime (NP=2): 0.008966
0.004408
0.004237
--------------------------------------------
Run 14 - Input Size: 3000 - MPI with 4 processes
--------------------------------------------
ParTime (NP=4): 0.013674
0.008965
0.004265
--------------------------------------------
Run 14 - Input Size: 3000 - MPI with 6 processes
--------------------------------------------
ParTime (NP=6): 
--------------------------------------------
Run 14 - Input Size: 3000 - MPI with 8 processes
--------------------------------------------
ParTime (NP=8): 
--------------------------------------------
Run 14 - Input Size: 3000 - MPI with 12 processes
--------------------------------------------
ParTime (NP=12): 
============================================
Run 15 - Input Size: 3000 - Sequential
============================================
SeqTime: 0.020405
--------------------------------------------
Run 15 - Input Size: 3000 - MPI with 2 processes
--------------------------------------------
ParTime (NP=2): 0.008950
0.004394
0.004271
--------------------------------------------
Run 15 - Input Size: 3000 - MPI with 4 processes
--------------------------------------------
ParTime (NP=4): 0.013542
0.008961
0.004258
--------------------------------------------
Run 15 - Input Size: 3000 - MPI with 6 processes
--------------------------------------------
ParTime (NP=6): 
--------------------------------------------
Run 15 - Input Size: 3000 - MPI with 8 processes
--------------------------------------------
ParTime (NP=8): 
--------------------------------------------
Run 15 - Input Size: 3000 - MPI with 12 processes
--------------------------------------------
ParTime (NP=12): 
============================================
Run 16 - Input Size: 3000 - Sequential
============================================
SeqTime: 0.025309
--------------------------------------------
Run 16 - Input Size: 3000 - MPI with 2 processes
--------------------------------------------
ParTime (NP=2): 0.009073
0.004495
0.004228
--------------------------------------------
Run 16 - Input Size: 3000 - MPI with 4 processes
--------------------------------------------
ParTime (NP=4): 0.009384
0.006808
0.002245
--------------------------------------------
Run 16 - Input Size: 3000 - MPI with 6 processes
--------------------------------------------
ParTime (NP=6): 
--------------------------------------------
Run 16 - Input Size: 3000 - MPI with 8 processes
--------------------------------------------
ParTime (NP=8): 
--------------------------------------------
Run 16 - Input Size: 3000 - MPI with 12 processes
--------------------------------------------
ParTime (NP=12): 
============================================
Run 17 - Input Size: 3000 - Sequential
============================================
SeqTime: 0.024914
--------------------------------------------
Run 17 - Input Size: 3000 - MPI with 2 processes
--------------------------------------------
ParTime (NP=2): 0.009146
0.004560
0.004230
--------------------------------------------
Run 17 - Input Size: 3000 - MPI with 4 processes
--------------------------------------------
ParTime (NP=4): 0.017401
0.010874
0.006162
--------------------------------------------
Run 17 - Input Size: 3000 - MPI with 6 processes
--------------------------------------------
ParTime (NP=6): 
--------------------------------------------
Run 17 - Input Size: 3000 - MPI with 8 processes
--------------------------------------------
ParTime (NP=8): 
--------------------------------------------
Run 17 - Input Size: 3000 - MPI with 12 processes
--------------------------------------------
ParTime (NP=12): 
============================================
Run 18 - Input Size: 3000 - Sequential
============================================
SeqTime: 0.024784
--------------------------------------------
Run 18 - Input Size: 3000 - MPI with 2 processes
--------------------------------------------
ParTime (NP=2): 0.009004
0.004507
0.004252
--------------------------------------------
Run 18 - Input Size: 3000 - MPI with 4 processes
--------------------------------------------
ParTime (NP=4): 0.011877
0.007952
0.003427
--------------------------------------------
Run 18 - Input Size: 3000 - MPI with 6 processes
--------------------------------------------
ParTime (NP=6): 
--------------------------------------------
Run 18 - Input Size: 3000 - MPI with 8 processes
--------------------------------------------
ParTime (NP=8): 
--------------------------------------------
Run 18 - Input Size: 3000 - MPI with 12 processes
--------------------------------------------
ParTime (NP=12): 
============================================
Run 19 - Input Size: 3000 - Sequential
============================================
SeqTime: 0.024948
--------------------------------------------
Run 19 - Input Size: 3000 - MPI with 2 processes
--------------------------------------------
ParTime (NP=2): 0.009051
0.004476
0.004221
--------------------------------------------
Run 19 - Input Size: 3000 - MPI with 4 processes
--------------------------------------------
ParTime (NP=4): 0.011224
0.008016
0.002817
--------------------------------------------
Run 19 - Input Size: 3000 - MPI with 6 processes
--------------------------------------------
ParTime (NP=6): 
--------------------------------------------
Run 19 - Input Size: 3000 - MPI with 8 processes
--------------------------------------------
ParTime (NP=8): 
--------------------------------------------
Run 19 - Input Size: 3000 - MPI with 12 processes
--------------------------------------------
ParTime (NP=12): 
============================================
Run 20 - Input Size: 3000 - Sequential
============================================
SeqTime: 0.025397
--------------------------------------------
Run 20 - Input Size: 3000 - MPI with 2 processes
--------------------------------------------
ParTime (NP=2): 0.008871
0.004463
0.004133
--------------------------------------------
Run 20 - Input Size: 3000 - MPI with 4 processes
--------------------------------------------
ParTime (NP=4): 0.017230
0.010770
0.006150
--------------------------------------------
Run 20 - Input Size: 3000 - MPI with 6 processes
--------------------------------------------
ParTime (NP=6): 
--------------------------------------------
Run 20 - Input Size: 3000 - MPI with 8 processes
--------------------------------------------
ParTime (NP=8): 
--------------------------------------------
Run 20 - Input Size: 3000 - MPI with 12 processes
--------------------------------------------
ParTime (NP=12): 
Gerando resumo sequencial: summary_seq_3000.txt
Gerando resumo paralelo: summary_par_3000.txt
============================================
Run 1 - Input Size: 4000 - Sequential
============================================
SeqTime: 0.038354
--------------------------------------------
Run 1 - Input Size: 4000 - MPI with 2 processes
--------------------------------------------
ParTime (NP=2): 0.019164
0.007833
0.007518
--------------------------------------------
Run 1 - Input Size: 4000 - MPI with 4 processes
--------------------------------------------
ParTime (NP=4): 0.030550
0.019086
0.010960
--------------------------------------------
Run 1 - Input Size: 4000 - MPI with 6 processes
--------------------------------------------
ParTime (NP=6): 
--------------------------------------------
Run 1 - Input Size: 4000 - MPI with 8 processes
--------------------------------------------
ParTime (NP=8): 
--------------------------------------------
Run 1 - Input Size: 4000 - MPI with 12 processes
--------------------------------------------
ParTime (NP=12): 
============================================
Run 2 - Input Size: 4000 - Sequential
============================================
SeqTime: 0.034688
--------------------------------------------
Run 2 - Input Size: 4000 - MPI with 2 processes
--------------------------------------------
ParTime (NP=2): 0.015800
0.007854
0.007559
--------------------------------------------
Run 2 - Input Size: 4000 - MPI with 4 processes
--------------------------------------------
ParTime (NP=4): 0.041615
0.033302
0.007572
--------------------------------------------
Run 2 - Input Size: 4000 - MPI with 6 processes
--------------------------------------------
ParTime (NP=6): 
--------------------------------------------
Run 2 - Input Size: 4000 - MPI with 8 processes
--------------------------------------------
ParTime (NP=8): 
--------------------------------------------
Run 2 - Input Size: 4000 - MPI with 12 processes
--------------------------------------------
ParTime (NP=12): 
============================================
Run 3 - Input Size: 4000 - Sequential
============================================
SeqTime: 0.037183
--------------------------------------------
Run 3 - Input Size: 4000 - MPI with 2 processes
--------------------------------------------
ParTime (NP=2): 0.015924
0.007900
0.007634
--------------------------------------------
Run 3 - Input Size: 4000 - MPI with 4 processes
--------------------------------------------
ParTime (NP=4): 0.016354
0.012085
0.003858
--------------------------------------------
Run 3 - Input Size: 4000 - MPI with 6 processes
--------------------------------------------
ParTime (NP=6): 
--------------------------------------------
Run 3 - Input Size: 4000 - MPI with 8 processes
--------------------------------------------
ParTime (NP=8): 
--------------------------------------------
Run 3 - Input Size: 4000 - MPI with 12 processes
--------------------------------------------
ParTime (NP=12): 
============================================
Run 4 - Input Size: 4000 - Sequential
============================================
SeqTime: 0.037138
--------------------------------------------
Run 4 - Input Size: 4000 - MPI with 2 processes
--------------------------------------------
ParTime (NP=2): 0.015598
0.007962
0.007274
--------------------------------------------
Run 4 - Input Size: 4000 - MPI with 4 processes
--------------------------------------------
ParTime (NP=4): 0.029243
0.019273
0.009679
--------------------------------------------
Run 4 - Input Size: 4000 - MPI with 6 processes
--------------------------------------------
ParTime (NP=6): 
--------------------------------------------
Run 4 - Input Size: 4000 - MPI with 8 processes
--------------------------------------------
ParTime (NP=8): 
--------------------------------------------
Run 4 - Input Size: 4000 - MPI with 12 processes
--------------------------------------------
ParTime (NP=12): 
============================================
Run 5 - Input Size: 4000 - Sequential
============================================
SeqTime: 0.022897
--------------------------------------------
Run 5 - Input Size: 4000 - MPI with 2 processes
--------------------------------------------
ParTime (NP=2): 0.015831
0.007864
0.007573
--------------------------------------------
Run 5 - Input Size: 4000 - MPI with 4 processes
--------------------------------------------
ParTime (NP=4): 0.030528
0.019113
0.010926
--------------------------------------------
Run 5 - Input Size: 4000 - MPI with 6 processes
--------------------------------------------
ParTime (NP=6): 
--------------------------------------------
Run 5 - Input Size: 4000 - MPI with 8 processes
--------------------------------------------
ParTime (NP=8): 
--------------------------------------------
Run 5 - Input Size: 4000 - MPI with 12 processes
--------------------------------------------
ParTime (NP=12): 
============================================
Run 6 - Input Size: 4000 - Sequential
============================================
SeqTime: 0.037797
--------------------------------------------
Run 6 - Input Size: 4000 - MPI with 2 processes
--------------------------------------------
ParTime (NP=2): 0.041527
0.022401
0.018235
--------------------------------------------
Run 6 - Input Size: 4000 - MPI with 4 processes
--------------------------------------------
ParTime (NP=4): 0.019756
0.014156
0.005056
--------------------------------------------
Run 6 - Input Size: 4000 - MPI with 6 processes
--------------------------------------------
ParTime (NP=6): 
--------------------------------------------
Run 6 - Input Size: 4000 - MPI with 8 processes
--------------------------------------------
ParTime (NP=8): 
--------------------------------------------
Run 6 - Input Size: 4000 - MPI with 12 processes
--------------------------------------------
ParTime (NP=12): 
============================================
Run 7 - Input Size: 4000 - Sequential
============================================
SeqTime: 0.037831
--------------------------------------------
Run 7 - Input Size: 4000 - MPI with 2 processes
--------------------------------------------
ParTime (NP=2): 0.042858
0.022293
0.019691
--------------------------------------------
Run 7 - Input Size: 4000 - MPI with 4 processes
--------------------------------------------
ParTime (NP=4): 0.032467
0.019229
0.011156
--------------------------------------------
Run 7 - Input Size: 4000 - MPI with 6 processes
--------------------------------------------
ParTime (NP=6): 
--------------------------------------------
Run 7 - Input Size: 4000 - MPI with 8 processes
--------------------------------------------
ParTime (NP=8): 
--------------------------------------------
Run 7 - Input Size: 4000 - MPI with 12 processes
--------------------------------------------
ParTime (NP=12): 
============================================
Run 8 - Input Size: 4000 - Sequential
============================================
SeqTime: 0.029774
--------------------------------------------
Run 8 - Input Size: 4000 - MPI with 2 processes
--------------------------------------------
ParTime (NP=2): 0.015683
0.007822
0.007487
--------------------------------------------
Run 8 - Input Size: 4000 - MPI with 4 processes
--------------------------------------------
ParTime (NP=4): 0.045987
0.030517
0.005616
--------------------------------------------
Run 8 - Input Size: 4000 - MPI with 6 processes
--------------------------------------------
ParTime (NP=6): 
--------------------------------------------
Run 8 - Input Size: 4000 - MPI with 8 processes
--------------------------------------------
ParTime (NP=8): 
--------------------------------------------
Run 8 - Input Size: 4000 - MPI with 12 processes
--------------------------------------------
ParTime (NP=12): 
============================================
Run 9 - Input Size: 4000 - Sequential
============================================
SeqTime: 0.029384
--------------------------------------------
Run 9 - Input Size: 4000 - MPI with 2 processes
--------------------------------------------
ParTime (NP=2): 0.049402
0.022279
0.018549
--------------------------------------------
Run 9 - Input Size: 4000 - MPI with 4 processes
--------------------------------------------
ParTime (NP=4): 0.029275
0.019031
0.009809
--------------------------------------------
Run 9 - Input Size: 4000 - MPI with 6 processes
--------------------------------------------
ParTime (NP=6): 
--------------------------------------------
Run 9 - Input Size: 4000 - MPI with 8 processes
--------------------------------------------
ParTime (NP=8): 
--------------------------------------------
Run 9 - Input Size: 4000 - MPI with 12 processes
--------------------------------------------
ParTime (NP=12): 
============================================
Run 10 - Input Size: 4000 - Sequential
============================================
SeqTime: 0.034200
--------------------------------------------
Run 10 - Input Size: 4000 - MPI with 2 processes
--------------------------------------------
ParTime (NP=2): 0.015650
0.007788
0.007527
--------------------------------------------
Run 10 - Input Size: 4000 - MPI with 4 processes
--------------------------------------------
ParTime (NP=4): 0.044850
0.030900
0.005675
--------------------------------------------
Run 10 - Input Size: 4000 - MPI with 6 processes
--------------------------------------------
ParTime (NP=6): 
--------------------------------------------
Run 10 - Input Size: 4000 - MPI with 8 processes
--------------------------------------------
ParTime (NP=8): 
--------------------------------------------
Run 10 - Input Size: 4000 - MPI with 12 processes
--------------------------------------------
ParTime (NP=12): 
============================================
Run 11 - Input Size: 4000 - Sequential
============================================
SeqTime: 0.022904
--------------------------------------------
Run 11 - Input Size: 4000 - MPI with 2 processes
--------------------------------------------
ParTime (NP=2): 0.017441
0.008145
0.007430
--------------------------------------------
Run 11 - Input Size: 4000 - MPI with 4 processes
--------------------------------------------
ParTime (NP=4): 0.030327
0.018962
0.010906
--------------------------------------------
Run 11 - Input Size: 4000 - MPI with 6 processes
--------------------------------------------
ParTime (NP=6): 
--------------------------------------------
Run 11 - Input Size: 4000 - MPI with 8 processes
--------------------------------------------
ParTime (NP=8): 
--------------------------------------------
Run 11 - Input Size: 4000 - MPI with 12 processes
--------------------------------------------
ParTime (NP=12): 
============================================
Run 12 - Input Size: 4000 - Sequential
============================================
SeqTime: 0.022772
--------------------------------------------
Run 12 - Input Size: 4000 - MPI with 2 processes
--------------------------------------------
ParTime (NP=2): 0.015867
0.007953
0.007456
--------------------------------------------
Run 12 - Input Size: 4000 - MPI with 4 processes
--------------------------------------------
ParTime (NP=4): 0.016460
0.012092
0.003833
--------------------------------------------
Run 12 - Input Size: 4000 - MPI with 6 processes
--------------------------------------------
ParTime (NP=6): 
--------------------------------------------
Run 12 - Input Size: 4000 - MPI with 8 processes
--------------------------------------------
ParTime (NP=8): 
--------------------------------------------
Run 12 - Input Size: 4000 - MPI with 12 processes
--------------------------------------------
ParTime (NP=12): 
============================================
Run 13 - Input Size: 4000 - Sequential
============================================
SeqTime: 0.023994
--------------------------------------------
Run 13 - Input Size: 4000 - MPI with 2 processes
--------------------------------------------
ParTime (NP=2): 0.024539
0.008094
0.007761
--------------------------------------------
Run 13 - Input Size: 4000 - MPI with 4 processes
--------------------------------------------
ParTime (NP=4): 0.030439
0.019079
0.010919
--------------------------------------------
Run 13 - Input Size: 4000 - MPI with 6 processes
--------------------------------------------
ParTime (NP=6): 
--------------------------------------------
Run 13 - Input Size: 4000 - MPI with 8 processes
--------------------------------------------
ParTime (NP=8): 
--------------------------------------------
Run 13 - Input Size: 4000 - MPI with 12 processes
--------------------------------------------
ParTime (NP=12): 
============================================
Run 14 - Input Size: 4000 - Sequential
============================================
SeqTime: 0.046278
--------------------------------------------
Run 14 - Input Size: 4000 - MPI with 2 processes
--------------------------------------------
ParTime (NP=2): 0.023717
0.008056
0.007302
--------------------------------------------
Run 14 - Input Size: 4000 - MPI with 4 processes
--------------------------------------------
ParTime (NP=4): 0.030313
0.019056
0.010931
--------------------------------------------
Run 14 - Input Size: 4000 - MPI with 6 processes
--------------------------------------------
ParTime (NP=6): 
--------------------------------------------
Run 14 - Input Size: 4000 - MPI with 8 processes
--------------------------------------------
ParTime (NP=8): 
--------------------------------------------
Run 14 - Input Size: 4000 - MPI with 12 processes
--------------------------------------------
ParTime (NP=12): 
============================================
Run 15 - Input Size: 4000 - Sequential
============================================
SeqTime: 0.042654
--------------------------------------------
Run 15 - Input Size: 4000 - MPI with 2 processes
--------------------------------------------
ParTime (NP=2): 0.041612
0.022346
0.018344
--------------------------------------------
Run 15 - Input Size: 4000 - MPI with 4 processes
--------------------------------------------
ParTime (NP=4): 0.045504
0.031004
0.005759
--------------------------------------------
Run 15 - Input Size: 4000 - MPI with 6 processes
--------------------------------------------
ParTime (NP=6): 
--------------------------------------------
Run 15 - Input Size: 4000 - MPI with 8 processes
--------------------------------------------
ParTime (NP=8): 
--------------------------------------------
Run 15 - Input Size: 4000 - MPI with 12 processes
--------------------------------------------
ParTime (NP=12): 
============================================
Run 16 - Input Size: 4000 - Sequential
============================================
SeqTime: 0.023496
--------------------------------------------
Run 16 - Input Size: 4000 - MPI with 2 processes
--------------------------------------------
ParTime (NP=2): 0.017718
0.008247
0.007724
--------------------------------------------
Run 16 - Input Size: 4000 - MPI with 4 processes
--------------------------------------------
ParTime (NP=4): 0.030600
0.019122
0.010988
--------------------------------------------
Run 16 - Input Size: 4000 - MPI with 6 processes
--------------------------------------------
ParTime (NP=6): 
--------------------------------------------
Run 16 - Input Size: 4000 - MPI with 8 processes
--------------------------------------------
ParTime (NP=8): 
--------------------------------------------
Run 16 - Input Size: 4000 - MPI with 12 processes
--------------------------------------------
ParTime (NP=12): 
============================================
Run 17 - Input Size: 4000 - Sequential
============================================
SeqTime: 0.034272
--------------------------------------------
Run 17 - Input Size: 4000 - MPI with 2 processes
--------------------------------------------
ParTime (NP=2): 0.049258
0.021842
0.019172
--------------------------------------------
Run 17 - Input Size: 4000 - MPI with 4 processes
--------------------------------------------
ParTime (NP=4): 0.030371
0.019108
0.010950
--------------------------------------------
Run 17 - Input Size: 4000 - MPI with 6 processes
--------------------------------------------
ParTime (NP=6): 
--------------------------------------------
Run 17 - Input Size: 4000 - MPI with 8 processes
--------------------------------------------
ParTime (NP=8): 
--------------------------------------------
Run 17 - Input Size: 4000 - MPI with 12 processes
--------------------------------------------
ParTime (NP=12): 
============================================
Run 18 - Input Size: 4000 - Sequential
============================================
SeqTime: 0.032589
--------------------------------------------
Run 18 - Input Size: 4000 - MPI with 2 processes
--------------------------------------------
ParTime (NP=2): 0.050124
0.022335
0.019276
--------------------------------------------
Run 18 - Input Size: 4000 - MPI with 4 processes
--------------------------------------------
ParTime (NP=4): 0.030473
0.019116
0.010963
--------------------------------------------
Run 18 - Input Size: 4000 - MPI with 6 processes
--------------------------------------------
ParTime (NP=6): 
--------------------------------------------
Run 18 - Input Size: 4000 - MPI with 8 processes
--------------------------------------------
ParTime (NP=8): 
--------------------------------------------
Run 18 - Input Size: 4000 - MPI with 12 processes
--------------------------------------------
ParTime (NP=12): 
============================================
Run 19 - Input Size: 4000 - Sequential
============================================
SeqTime: 0.042134
--------------------------------------------
Run 19 - Input Size: 4000 - MPI with 2 processes
--------------------------------------------
ParTime (NP=2): 0.023859
0.007965
0.007583
--------------------------------------------
Run 19 - Input Size: 4000 - MPI with 4 processes
--------------------------------------------
ParTime (NP=4): 0.030242
0.019077
0.010928
--------------------------------------------
Run 19 - Input Size: 4000 - MPI with 6 processes
--------------------------------------------
ParTime (NP=6): 
--------------------------------------------
Run 19 - Input Size: 4000 - MPI with 8 processes
--------------------------------------------
ParTime (NP=8): 
--------------------------------------------
Run 19 - Input Size: 4000 - MPI with 12 processes
--------------------------------------------
ParTime (NP=12): 
============================================
Run 20 - Input Size: 4000 - Sequential
============================================
SeqTime: 0.035543
--------------------------------------------
Run 20 - Input Size: 4000 - MPI with 2 processes
--------------------------------------------
ParTime (NP=2): 0.016606
0.008794
0.007435
--------------------------------------------
Run 20 - Input Size: 4000 - MPI with 4 processes
--------------------------------------------
ParTime (NP=4): 0.022115
0.015728
0.006056
--------------------------------------------
Run 20 - Input Size: 4000 - MPI with 6 processes
--------------------------------------------
ParTime (NP=6): 
--------------------------------------------
Run 20 - Input Size: 4000 - MPI with 8 processes
--------------------------------------------
ParTime (NP=8): 
--------------------------------------------
Run 20 - Input Size: 4000 - MPI with 12 processes
--------------------------------------------
ParTime (NP=12): 
Gerando resumo sequencial: summary_seq_4000.txt
Gerando resumo paralelo: summary_par_4000.txt
============================================
Run 1 - Input Size: 5000 - Sequential
============================================
SeqTime: 0.047027
--------------------------------------------
Run 1 - Input Size: 5000 - MPI with 2 processes
--------------------------------------------
ParTime (NP=2): 0.024684
0.012393
0.011411
--------------------------------------------
Run 1 - Input Size: 5000 - MPI with 4 processes
--------------------------------------------
ParTime (NP=4): 0.025571
0.018927
0.006067
--------------------------------------------
Run 1 - Input Size: 5000 - MPI with 6 processes
--------------------------------------------
ParTime (NP=6): 
--------------------------------------------
Run 1 - Input Size: 5000 - MPI with 8 processes
--------------------------------------------
ParTime (NP=8): 
--------------------------------------------
Run 1 - Input Size: 5000 - MPI with 12 processes
--------------------------------------------
ParTime (NP=12): 
============================================
Run 2 - Input Size: 5000 - Sequential
============================================
SeqTime: 0.047561
--------------------------------------------
Run 2 - Input Size: 5000 - MPI with 2 processes
--------------------------------------------
ParTime (NP=2): 0.024327
0.012346
0.011502
--------------------------------------------
Run 2 - Input Size: 5000 - MPI with 4 processes
--------------------------------------------
ParTime (NP=4): 0.025401
0.018858
0.005948
--------------------------------------------
Run 2 - Input Size: 5000 - MPI with 6 processes
--------------------------------------------
ParTime (NP=6): 
--------------------------------------------
Run 2 - Input Size: 5000 - MPI with 8 processes
--------------------------------------------
ParTime (NP=8): 
--------------------------------------------
Run 2 - Input Size: 5000 - MPI with 12 processes
--------------------------------------------
ParTime (NP=12): 
============================================
Run 3 - Input Size: 5000 - Sequential
============================================
SeqTime: 0.046053
--------------------------------------------
Run 3 - Input Size: 5000 - MPI with 2 processes
--------------------------------------------
ParTime (NP=2): 0.024181
0.012282
0.011519
--------------------------------------------
Run 3 - Input Size: 5000 - MPI with 4 processes
--------------------------------------------
ParTime (NP=4): 0.034034
0.024278
0.009390
--------------------------------------------
Run 3 - Input Size: 5000 - MPI with 6 processes
--------------------------------------------
ParTime (NP=6): 
--------------------------------------------
Run 3 - Input Size: 5000 - MPI with 8 processes
--------------------------------------------
ParTime (NP=8): 
--------------------------------------------
Run 3 - Input Size: 5000 - MPI with 12 processes
--------------------------------------------
ParTime (NP=12): 
============================================
Run 4 - Input Size: 5000 - Sequential
============================================
SeqTime: 0.046968
--------------------------------------------
Run 4 - Input Size: 5000 - MPI with 2 processes
--------------------------------------------
ParTime (NP=2): 0.024296
0.012297
0.011454
--------------------------------------------
Run 4 - Input Size: 5000 - MPI with 4 processes
--------------------------------------------
ParTime (NP=4): 0.030268
0.021903
0.007831
--------------------------------------------
Run 4 - Input Size: 5000 - MPI with 6 processes
--------------------------------------------
ParTime (NP=6): 
--------------------------------------------
Run 4 - Input Size: 5000 - MPI with 8 processes
--------------------------------------------
ParTime (NP=8): 
--------------------------------------------
Run 4 - Input Size: 5000 - MPI with 12 processes
--------------------------------------------
ParTime (NP=12): 
============================================
Run 5 - Input Size: 5000 - Sequential
============================================
SeqTime: 0.051647
--------------------------------------------
Run 5 - Input Size: 5000 - MPI with 2 processes
--------------------------------------------
ParTime (NP=2): 0.024460
0.012300
0.011622
--------------------------------------------
Run 5 - Input Size: 5000 - MPI with 4 processes
--------------------------------------------
ParTime (NP=4): 0.034666
0.024604
0.009676
--------------------------------------------
Run 5 - Input Size: 5000 - MPI with 6 processes
--------------------------------------------
ParTime (NP=6): 
--------------------------------------------
Run 5 - Input Size: 5000 - MPI with 8 processes
--------------------------------------------
ParTime (NP=8): 
--------------------------------------------
Run 5 - Input Size: 5000 - MPI with 12 processes
--------------------------------------------
ParTime (NP=12): 
============================================
Run 6 - Input Size: 5000 - Sequential
============================================
SeqTime: 0.046847
--------------------------------------------
Run 6 - Input Size: 5000 - MPI with 2 processes
--------------------------------------------
ParTime (NP=2): 0.024278
0.012089
0.011655
--------------------------------------------
Run 6 - Input Size: 5000 - MPI with 4 processes
--------------------------------------------
ParTime (NP=4): 0.034596
0.024181
0.010046
--------------------------------------------
Run 6 - Input Size: 5000 - MPI with 6 processes
--------------------------------------------
ParTime (NP=6): 
--------------------------------------------
Run 6 - Input Size: 5000 - MPI with 8 processes
--------------------------------------------
ParTime (NP=8): 
--------------------------------------------
Run 6 - Input Size: 5000 - MPI with 12 processes
--------------------------------------------
ParTime (NP=12): 
============================================
Run 7 - Input Size: 5000 - Sequential
============================================
SeqTime: 0.047259
--------------------------------------------
Run 7 - Input Size: 5000 - MPI with 2 processes
--------------------------------------------
ParTime (NP=2): 0.024275
0.012175
0.011578
--------------------------------------------
Run 7 - Input Size: 5000 - MPI with 4 processes
--------------------------------------------
ParTime (NP=4): 0.033875
0.024341
0.009167
--------------------------------------------
Run 7 - Input Size: 5000 - MPI with 6 processes
--------------------------------------------
ParTime (NP=6): 
--------------------------------------------
Run 7 - Input Size: 5000 - MPI with 8 processes
--------------------------------------------
ParTime (NP=8): 
--------------------------------------------
Run 7 - Input Size: 5000 - MPI with 12 processes
--------------------------------------------
ParTime (NP=12): 
============================================
Run 8 - Input Size: 5000 - Sequential
============================================
SeqTime: 0.039141
--------------------------------------------
Run 8 - Input Size: 5000 - MPI with 2 processes
--------------------------------------------
ParTime (NP=2): 0.025723
0.013071
0.012265
--------------------------------------------
Run 8 - Input Size: 5000 - MPI with 4 processes
--------------------------------------------
ParTime (NP=4): 0.031504
0.021798
0.009400
--------------------------------------------
Run 8 - Input Size: 5000 - MPI with 6 processes
--------------------------------------------
ParTime (NP=6): 
--------------------------------------------
Run 8 - Input Size: 5000 - MPI with 8 processes
--------------------------------------------
ParTime (NP=8): 
--------------------------------------------
Run 8 - Input Size: 5000 - MPI with 12 processes
--------------------------------------------
ParTime (NP=12): 
============================================
Run 9 - Input Size: 5000 - Sequential
============================================
SeqTime: 0.046945
--------------------------------------------
Run 9 - Input Size: 5000 - MPI with 2 processes
--------------------------------------------
ParTime (NP=2): 0.024148
0.012184
0.011533
--------------------------------------------
Run 9 - Input Size: 5000 - MPI with 4 processes
--------------------------------------------
ParTime (NP=4): 0.025218
0.018845
0.005925
--------------------------------------------
Run 9 - Input Size: 5000 - MPI with 6 processes
--------------------------------------------
ParTime (NP=6): 
--------------------------------------------
Run 9 - Input Size: 5000 - MPI with 8 processes
--------------------------------------------
ParTime (NP=8): 
--------------------------------------------
Run 9 - Input Size: 5000 - MPI with 12 processes
--------------------------------------------
ParTime (NP=12): 
============================================
Run 10 - Input Size: 5000 - Sequential
============================================
SeqTime: 0.046996
--------------------------------------------
Run 10 - Input Size: 5000 - MPI with 2 processes
--------------------------------------------
ParTime (NP=2): 0.024115
0.012118
0.011511
--------------------------------------------
Run 10 - Input Size: 5000 - MPI with 4 processes
--------------------------------------------
ParTime (NP=4): 0.034989
0.024196
0.010256
--------------------------------------------
Run 10 - Input Size: 5000 - MPI with 6 processes
--------------------------------------------
ParTime (NP=6): 
--------------------------------------------
Run 10 - Input Size: 5000 - MPI with 8 processes
--------------------------------------------
ParTime (NP=8): 
--------------------------------------------
Run 10 - Input Size: 5000 - MPI with 12 processes
--------------------------------------------
ParTime (NP=12): 
============================================
Run 11 - Input Size: 5000 - Sequential
============================================
SeqTime: 0.046906
--------------------------------------------
Run 11 - Input Size: 5000 - MPI with 2 processes
--------------------------------------------
ParTime (NP=2): 0.024223
0.012266
0.011509
--------------------------------------------
Run 11 - Input Size: 5000 - MPI with 4 processes
--------------------------------------------
ParTime (NP=4): 0.032057
0.022085
0.009389
--------------------------------------------
Run 11 - Input Size: 5000 - MPI with 6 processes
--------------------------------------------
ParTime (NP=6): 
--------------------------------------------
Run 11 - Input Size: 5000 - MPI with 8 processes
--------------------------------------------
ParTime (NP=8): 
--------------------------------------------
Run 11 - Input Size: 5000 - MPI with 12 processes
--------------------------------------------
ParTime (NP=12): 
============================================
Run 12 - Input Size: 5000 - Sequential
============================================
SeqTime: 0.046428
--------------------------------------------
Run 12 - Input Size: 5000 - MPI with 2 processes
--------------------------------------------
ParTime (NP=2): 0.024030
0.012193
0.011409
--------------------------------------------
Run 12 - Input Size: 5000 - MPI with 4 processes
--------------------------------------------
ParTime (NP=4): 0.025061
0.018727
0.005929
--------------------------------------------
Run 12 - Input Size: 5000 - MPI with 6 processes
--------------------------------------------
ParTime (NP=6): 
--------------------------------------------
Run 12 - Input Size: 5000 - MPI with 8 processes
--------------------------------------------
ParTime (NP=8): 
--------------------------------------------
Run 12 - Input Size: 5000 - MPI with 12 processes
--------------------------------------------
ParTime (NP=12): 
============================================
Run 13 - Input Size: 5000 - Sequential
============================================
SeqTime: 0.046346
--------------------------------------------
Run 13 - Input Size: 5000 - MPI with 2 processes
--------------------------------------------
ParTime (NP=2): 0.024198
0.012206
0.011596
--------------------------------------------
Run 13 - Input Size: 5000 - MPI with 4 processes
--------------------------------------------
ParTime (NP=4): 0.043235
0.029482
0.010320
--------------------------------------------
Run 13 - Input Size: 5000 - MPI with 6 processes
--------------------------------------------
ParTime (NP=6): 
--------------------------------------------
Run 13 - Input Size: 5000 - MPI with 8 processes
--------------------------------------------
ParTime (NP=8): 
--------------------------------------------
Run 13 - Input Size: 5000 - MPI with 12 processes
--------------------------------------------
ParTime (NP=12): 
============================================
Run 14 - Input Size: 5000 - Sequential
============================================
SeqTime: 0.049864
--------------------------------------------
Run 14 - Input Size: 5000 - MPI with 2 processes
--------------------------------------------
ParTime (NP=2): 0.024016
0.012048
0.011362
--------------------------------------------
Run 14 - Input Size: 5000 - MPI with 4 processes
--------------------------------------------
ParTime (NP=4): 0.039608
0.029273
0.010078
--------------------------------------------
Run 14 - Input Size: 5000 - MPI with 6 processes
--------------------------------------------
ParTime (NP=6): 
--------------------------------------------
Run 14 - Input Size: 5000 - MPI with 8 processes
--------------------------------------------
ParTime (NP=8): 
--------------------------------------------
Run 14 - Input Size: 5000 - MPI with 12 processes
--------------------------------------------
ParTime (NP=12): 
============================================
Run 15 - Input Size: 5000 - Sequential
============================================
SeqTime: 0.046754
--------------------------------------------
Run 15 - Input Size: 5000 - MPI with 2 processes
--------------------------------------------
ParTime (NP=2): 0.050449
0.032950
0.016411
--------------------------------------------
Run 15 - Input Size: 5000 - MPI with 4 processes
--------------------------------------------
ParTime (NP=4): 0.054800
0.041801
0.006200
--------------------------------------------
Run 15 - Input Size: 5000 - MPI with 6 processes
--------------------------------------------
ParTime (NP=6): 
--------------------------------------------
Run 15 - Input Size: 5000 - MPI with 8 processes
--------------------------------------------
ParTime (NP=8): 
--------------------------------------------
Run 15 - Input Size: 5000 - MPI with 12 processes
--------------------------------------------
ParTime (NP=12): 
============================================
Run 16 - Input Size: 5000 - Sequential
============================================
SeqTime: 0.049591
--------------------------------------------
Run 16 - Input Size: 5000 - MPI with 2 processes
--------------------------------------------
ParTime (NP=2): 0.024160
0.012079
0.011639
--------------------------------------------
Run 16 - Input Size: 5000 - MPI with 4 processes
--------------------------------------------
ParTime (NP=4): 0.042353
0.029660
0.012215
--------------------------------------------
Run 16 - Input Size: 5000 - MPI with 6 processes
--------------------------------------------
ParTime (NP=6): 
--------------------------------------------
Run 16 - Input Size: 5000 - MPI with 8 processes
--------------------------------------------
ParTime (NP=8): 
--------------------------------------------
Run 16 - Input Size: 5000 - MPI with 12 processes
--------------------------------------------
ParTime (NP=12): 
============================================
Run 17 - Input Size: 5000 - Sequential
============================================
SeqTime: 0.050987
--------------------------------------------
Run 17 - Input Size: 5000 - MPI with 2 processes
--------------------------------------------
ParTime (NP=2): 0.023774
0.011943
0.011384
--------------------------------------------
Run 17 - Input Size: 5000 - MPI with 4 processes
--------------------------------------------
ParTime (NP=4): 0.032042
0.022080
0.009403
--------------------------------------------
Run 17 - Input Size: 5000 - MPI with 6 processes
--------------------------------------------
ParTime (NP=6): 
--------------------------------------------
Run 17 - Input Size: 5000 - MPI with 8 processes
--------------------------------------------
ParTime (NP=8): 
--------------------------------------------
Run 17 - Input Size: 5000 - MPI with 12 processes
--------------------------------------------
ParTime (NP=12): 
============================================
Run 18 - Input Size: 5000 - Sequential
============================================
SeqTime: 0.049889
--------------------------------------------
Run 18 - Input Size: 5000 - MPI with 2 processes
--------------------------------------------
ParTime (NP=2): 0.024119
0.012140
0.011577
--------------------------------------------
Run 18 - Input Size: 5000 - MPI with 4 processes
--------------------------------------------
ParTime (NP=4): 0.036785
0.024461
0.011818
--------------------------------------------
Run 18 - Input Size: 5000 - MPI with 6 processes
--------------------------------------------
ParTime (NP=6): 
--------------------------------------------
Run 18 - Input Size: 5000 - MPI with 8 processes
--------------------------------------------
ParTime (NP=8): 
--------------------------------------------
Run 18 - Input Size: 5000 - MPI with 12 processes
--------------------------------------------
ParTime (NP=12): 
============================================
Run 19 - Input Size: 5000 - Sequential
============================================
SeqTime: 0.045393
--------------------------------------------
Run 19 - Input Size: 5000 - MPI with 2 processes
--------------------------------------------
ParTime (NP=2): 0.053099
0.034749
0.017270
--------------------------------------------
Run 19 - Input Size: 5000 - MPI with 4 processes
--------------------------------------------
ParTime (NP=4): 0.041677
0.029621
0.011665
--------------------------------------------
Run 19 - Input Size: 5000 - MPI with 6 processes
--------------------------------------------
ParTime (NP=6): 
--------------------------------------------
Run 19 - Input Size: 5000 - MPI with 8 processes
--------------------------------------------
ParTime (NP=8): 
--------------------------------------------
Run 19 - Input Size: 5000 - MPI with 12 processes
--------------------------------------------
ParTime (NP=12): 
============================================
Run 20 - Input Size: 5000 - Sequential
============================================
SeqTime: 0.043000
--------------------------------------------
Run 20 - Input Size: 5000 - MPI with 2 processes
--------------------------------------------
ParTime (NP=2): 0.032239
0.016061
0.015644
--------------------------------------------
Run 20 - Input Size: 5000 - MPI with 4 processes
--------------------------------------------
ParTime (NP=4): 0.056735
0.042157
0.006057
--------------------------------------------
Run 20 - Input Size: 5000 - MPI with 6 processes
--------------------------------------------
ParTime (NP=6): 
--------------------------------------------
Run 20 - Input Size: 5000 - MPI with 8 processes
--------------------------------------------
ParTime (NP=8): 
--------------------------------------------
Run 20 - Input Size: 5000 - MPI with 12 processes
--------------------------------------------
ParTime (NP=12): 
Gerando resumo sequencial: summary_seq_5000.txt
Gerando resumo paralelo: summary_par_5000.txt
============================================
Run 1 - Input Size: 6000 - Sequential
============================================
SeqTime: 0.063410
--------------------------------------------
Run 1 - Input Size: 6000 - MPI with 2 processes
--------------------------------------------
ParTime (NP=2): 0.043458
0.017761
0.016966
--------------------------------------------
Run 1 - Input Size: 6000 - MPI with 4 processes
--------------------------------------------
ParTime (NP=4): 0.067639
0.049719
0.008418
--------------------------------------------
Run 1 - Input Size: 6000 - MPI with 6 processes
--------------------------------------------
ParTime (NP=6): 
--------------------------------------------
Run 1 - Input Size: 6000 - MPI with 8 processes
--------------------------------------------
ParTime (NP=8): 
--------------------------------------------
Run 1 - Input Size: 6000 - MPI with 12 processes
--------------------------------------------
ParTime (NP=12): 
============================================
Run 2 - Input Size: 6000 - Sequential
============================================
SeqTime: 0.077889
--------------------------------------------
Run 2 - Input Size: 6000 - MPI with 2 processes
--------------------------------------------
